    Format: 84
    Target: F1
    Source: 11
    Data: 41 10 0 8D 
    Checksum: 64

    Format: C2
    Target: 33
    Source: F1
    Data: 1 C 
    Checksum: F3

    Format: 84
    Target: F1
    Source: 11
    Data: 41 C A E9 
    Checksum: C6

    Format: C2
    Target: 33
    Source: F1
    Data: 1 D 
    Checksum: F4

    Format: 83
    Target: F1
    Source: 11
    Data: 41 D 0 
    Checksum: D3

    Format: C2
    Target: 33
    Source: F1
    Data: 1 5 
    Checksum: EC

    Format: 83
    Target: F1
    Source: 11
    Data: 41 5 82 
    Checksum: 4D

    Format: C2
    Target: 33
    Source: F1
    Data: 1 10 
    Checksum: F7

    Format: 84
    Target: F1
    Source: 11
    Data: 41 10 0 8D 
    Checksum: 64

    Format: C2
    Target: 33
    Source: F1
    Data: 1 C 
    Checksum: F3

    Format: 84
    Target: F1
    Source: 11
    Data: 41 C A F6 
    Checksum: D3

    Format: C2
    Target: 33
    Source: F1
    Data: 1 D 
    Checksum: F4

    Format: 83
    Target: F1
    Source: 11
    Data: 41 D 0 
    Checksum: D3

    Format: C2
    Target: 33
    Source: F1
    Data: 1 5 
    Checksum: EC

    Format: 83
    Target: F1
    Source: 11
    Data: 41 5 82 
    Checksum: 4D

    Format: C2
    Target: 33
    Source: F1
    Data: 1 10 
    Checksum: F7

    Format: 84
    Target: F1
    Source: 11
    Data: 41 10 0 8B 
    Checksum: 62

    Format: C2
    Target: 33
    Source: F1
    Data: 1 C 
    Checksum: F3

    Format: 84
    Target: F1
    Source: 11
    Data: 41 C A EF 
    Checksum: CC

    Format: C2
    Target: 33
    Source: F1
    Data: 1 D 
    Checksum: F4

    Format: 83
    Target: F1
    Source: 11
    Data: 41 D 0 
    Checksum: D3

    Format: C2
    Target: 33
    Source: F1
    Data: 1 5 
    Checksum: EC

    Format: 83
    Target: F1
    Source: 11
    Data: 41 5 82 
    Checksum: 4D

    Format: C2
    Target: 33
    Source: F1
    Data: 1 10 
    Checksum: F7

    Format: 84
    Target: F1
    Source: 11
    Data: 41 10 0 8B 
    Checksum: 62

    Format: C2
    Target: 33
    Source: F1
    Data: 1 C 
    Checksum: F3

    Format: 84
    Target: F1
    Source: 11
    Data: 41 C B B 
    Checksum: E9

    Format: C2
    Target: 33
    Source: F1
    Data: 1 D 
    Checksum: F4

    Format: 83
    Target: F1
    Source: 11
    Data: 41 D 0 
    Checksum: D3

    Format: C2
    Target: 33
    Source: F1
    Data: 1 5 
    Checksum: EC

    Format: 83
    Target: F1
    Source: 11
    Data: 41 5 82 
    Checksum: 4D

    Format: C2
    Target: 33
    Source: F1
    Data: 1 10 
    Checksum: F7

    Format: 84
    Target: F1
    Source: 11
    Data: 41 10 0 8D 
    Checksum: 64

    Format: C2
    Target: 33
    Source: F1
    Data: 1 C 
    Checksum: F3

    Format: 84
    Target: F1
    Source: 11
    Data: 41 C A CF 
    Checksum: AC

    Format: C2
    Target: 33
    Source: F1
    Data: 1 D 
    Checksum: F4

    Format: 83
    Target: F1
    Source: 11
    Data: 41 D 0 
    Checksum: D3

    Format: C2
    Target: 33
    Source: F1
    Data: 1 5 
    Checksum: EC

    Format: 83
    Target: F1
    Source: 11
    Data: 41 5 82 
    Checksum: 4D

    Format: C2
    Target: 33
    Source: F1
    Data: 1 10 
    Checksum: F7

    Format: 84
    Target: F1
    Source: 11
    Data: 41 10 0 89 
    Checksum: 60

    Format: C2
    Target: 33
    Source: F1
    Data: 1 C 
    Checksum: F3

    Format: 84
    Target: F1
    Source: 11
    Data: 41 C A F5 
    Checksum: D2

    Format: C2
    Target: 33
    Source: F1
    Data: 1 D 
    Checksum: F4

    Format: 83
    Target: F1
    Source: 11
    Data: 41 D 0 
    Checksum: D3

    Format: C2
    Target: 33
    Source: F1
    Data: 1 5 
    Checksum: EC

    Format: 83
    Target: F1
    Source: 11
    Data: 41 5 82 
    Checksum: 4D

    Format: C2
    Target: 33
    Source: F1
    Data: 1 10 
    Checksum: F7

    Format: 84
    Target: F1
    Source: 11
    Data: 41 10 0 89 
    Checksum: 60

    Format: C2
    Target: 33
    Source: F1
    Data: 1 C 
    Checksum: F3

    Format: 84
    Target: F1
    Source: 11
    Data: 41 C A F5 
    Checksum: D2

    Format: C2
    Target: 33
    Source: F1
    Data: 1 D 
    Checksum: F4

    Format: 83
    Target: F1
    Source: 11
    Data: 41 D 0 
    Checksum: D3

    Format: C2
    Target: 33
    Source: F1
    Data: 1 5 
    Checksum: EC

    Format: 83
    Target: F1
    Source: 11
    Data: 41 5 82 
    Checksum: 4D

    Format: C2
    Target: 33
    Source: F1
    Data: 1 10 
    Checksum: F7

    Format: 84
    Target: F1
    Source: 11
    Data: 41 10 0 8D 
    Checksum: 64

    Format: C2
    Target: 33
    Source: F1
    Data: 1 C 
    Checksum: F3

    Format: 84
    Target: F1
    Source: 11
    Data: 41 C A E0 
    Checksum: BD

    Format: C2
    Target: 33
    Source: F1
    Data: 1 D 
    Checksum: F4

    Format: 83
    Target: F1
    Source: 11
    Data: 41 D 0 
    Checksum: D3

    Format: C2
    Target: 33
    Source: F1
    Data: 1 5 
    Checksum: EC

    Format: 83
    Target: F1
    Source: 11
    Data: 41 5 82 
    Checksum: 4D

    Format: C2
    Target: 33
    Source: F1
    Data: 1 10 
    Checksum: F7

    Format: 84
    Target: F1
    Source: 11
    Data: 41 10 0 8B 
    Checksum: 62

    Format: C2
    Target: 33
    Source: F1
    Data: 1 C 
    Checksum: F3

    Format: 84
    Target: F1
    Source: 11
    Data: 41 C A ED 
    Checksum: CA

    Format: C2
    Target: 33
    Source: F1
    Data: 1 D 
    Checksum: F4

    Format: 83
    Target: F1
    Source: 11
    Data: 41 D 0 
    Checksum: D3

    Format: C2
    Target: 33
    Source: F1
    Data: 1 5 
    Checksum: EC

    Format: 83
    Target: F1
    Source: 11
    Data: 41 5 82 
    Checksum: 4D

    Format: C2
    Target: 33
    Source: F1
    Data: 1 10 
    Checksum: F7

    Format: 84
    Target: F1
    Source: 11
    Data: 41 10 0 8B 
    Checksum: 62

    Format: C2
    Target: 33
    Source: F1
    Data: 1 C 
    Checksum: F3

    Format: 84
    Target: F1
    Source: 11
    Data: 41 C B F 
    Checksum: ED

    Format: C2
    Target: 33
    Source: F1
    Data: 1 D 
    Checksum: F4

    Format: 83
    Target: F1
    Source: 11
    Data: 41 D 0 
    Checksum: D3

    Format: C2
    Target: 33
    Source: F1
    Data: 1 5 
    Checksum: EC

    Format: 83
    Target: F1
    Source: 11
    Data: 41 5 82 
    Checksum: 4D

    Format: C2
    Target: 33
    Source: F1
    Data: 1 10 
    Checksum: F7

    Format: 84
    Target: F1
    Source: 11
    Data: 41 10 0 8B 
    Checksum: 62

    Format: C2
    Target: 33
    Source: F1
    Data: 1 C 
    Checksum: F3

    Format: 84
    Target: F1
    Source: 11
    Data: 41 C A F3 
    Checksum: D0

    Format: C2
    Target: 33
    Source: F1
    Data: 1 D 
    Checksum: F4

    Format: 83
    Target: F1
    Source: 11
    Data: 41 D 0 
    Checksum: D3

    Format: C2
    Target: 33
    Source: F1
    Data: 1 5 
    Checksum: EC

    Format: 83
    Target: F1
    Source: 11
    Data: 41 5 82 
    Checksum: 4D

    Format: C2
    Target: 33
    Source: F1
    Data: 1 10 
    Checksum: F7

    Format: 84
    Target: F1
    Source: 11
    Data: 41 10 0 8B 
    Checksum: 62

    Format: C2
    Target: 33
    Source: F1
    Data: 1 C 
    Checksum: F3

    Format: 84
    Target: F1
    Source: 11
    Data: 41 C A D2 
    Checksum: AF

    Format: C2
    Target: 33
    Source: F1
    Data: 1 D 
    Checksum: F4

    Format: 83
    Target: F1
    Source: 11
    Data: 41 D 0 
    Checksum: D3

    Format: C2
    Target: 33
    Source: F1
    Data: 1 5 
    Checksum: EC

    Format: 83
    Target: F1
    Source: 11
    Data: 41 5 82 
    Checksum: 4D

    Format: C2
    Target: 33
    Source: F1
    Data: 1 10 
    Checksum: F7

    Format: 84
    Target: F1
    Source: 11
    Data: 41 10 0 8D 
    Checksum: 64

    Format: C2
    Target: 33
    Source: F1
    Data: 1 C 
    Checksum: F3

    Format: 84
    Target: F1
    Source: 11
    Data: 41 C A EC 
    Checksum: C9

    Format: C2
    Target: 33
    Source: F1
    Data: 1 D 
    Checksum: F4

    Format: 83
    Target: F1
    Source: 11
    Data: 41 D 0 
    Checksum: D3

    Format: C2
    Target: 33
    Source: F1
    Data: 1 5 
    Checksum: EC

    Format: 83
    Target: F1
    Source: 11
    Data: 41 5 82 
    Checksum: 4D

    Format: C2
    Target: 33
    Source: F1
    Data: 1 10 
    Checksum: F7

    Format: 84
    Target: F1
    Source: 11
    Data: 41 10 0 8B 
    Checksum: 62

    Format: C2
    Target: 33
    Source: F1
    Data: 1 C 
    Checksum: F3

    Format: 84
    Target: F1
    Source: 11
    Data: 41 C B 6 
    Checksum: E4

    Format: C2
    Target: 33
    Source: F1
    Data: 1 D 
    Checksum: F4

    Format: 83
    Target: F1
    Source: 11
    Data: 41 D 0 
    Checksum: D3

    Format: C2
    Target: 33
    Source: F1
    Data: 1 5 
    Checksum: EC

    Format: 83
    Target: F1
    Source: 11
    Data: 41 5 82 
    Checksum: 4D

    Format: C2
    Target: 33
    Source: F1
    Data: 1 10 
    Checksum: F7

    Format: 84
    Target: F1
    Source: 11
    Data: 41 10 0 8D 
    Checksum: 64

    Format: C2
    Target: 33
    Source: F1
    Data: 1 C 
    Checksum: F3

    Format: 84
    Target: F1
    Source: 11
    Data: 41 C A E5 
    Checksum: C2

    Format: C2
    Target: 33
    Source: F1
    Data: 1 D 
    Checksum: F4

    Format: 83
    Target: F1
    Source: 11
    Data: 41 D 0 
    Checksum: D3

    Format: C2
    Target: 33
    Source: F1
    Data: 1 5 
    Checksum: EC

    Format: 83
    Target: F1
    Source: 11
    Data: 41 5 82 
    Checksum: 4D

    Format: C2
    Target: 33
    Source: F1
    Data: 1 10 
    Checksum: F7

    Format: 84
    Target: F1
    Source: 11
    Data: 41 10 0 8D 
    Checksum: 64

    Format: C2
    Target: 33
    Source: F1
    Data: 1 C 
    Checksum: F3

    Format: 84
    Target: F1
    Source: 11
    Data: 41 C A E2 
    Checksum: BF

    Format: C2
    Target: 33
    Source: F1
    Data: 1 D 
    Checksum: F4

    Format: 83
    Target: F1
    Source: 11
    Data: 41 D 0 
    Checksum: D3

    Format: C2
    Target: 33
    Source: F1
    Data: 1 5 
    Checksum: EC

    Format: 83
    Target: F1
    Source: 11
    Data: 41 5 82 
    Checksum: 4D

    Format: C2
    Target: 33
    Source: F1
    Data: 1 10 
    Checksum: F7

    Format: 84
    Target: F1
    Source: 11
    Data: 41 10 0 8B 
    Checksum: 62

    Format: C2
    Target: 33
    Source: F1
    Data: 1 C 
    Checksum: F3

    Format: 84
    Target: F1
    Source: 11
    Data: 41 C A E1 
    Checksum: BE

    Format: C2
    Target: 33
    Source: F1
    Data: 1 D 
    Checksum: F4

    Format: 83
    Target: F1
    Source: 11
    Data: 41 D 0 
    Checksum: D3

    Format: C2
    Target: 33
    Source: F1
    Data: 1 5 
    Checksum: EC

    Format: 83
    Target: F1
    Source: 11
    Data: 41 5 82 
    Checksum: 4D

    Format: C2
    Target: 33
    Source: F1
    Data: 1 10 
    Checksum: F7

    Format: 84
    Target: F1
    Source: 11
    Data: 41 10 0 8D 
    Checksum: 64

    Format: C2
    Target: 33
    Source: F1
    Data: 1 C 
    Checksum: F3

    Format: 84
    Target: F1
    Source: 11
    Data: 41 C A ED 
    Checksum: CA

    Format: C2
    Target: 33
    Source: F1
    Data: 1 D 
    Checksum: F4

    Format: 83
    Target: F1
    Source: 11
    Data: 41 D 0 
    Checksum: D3

    Format: C2
    Target: 33
    Source: F1
    Data: 1 5 
    Checksum: EC

    Format: 83
    Target: F1
    Source: 11
    Data: 41 5 82 
    Checksum: 4D

    Format: C2
    Target: 33
    Source: F1
    Data: 1 10 
    Checksum: F7

    Format: 84
    Target: F1
    Source: 11
    Data: 41 10 0 8D 
    Checksum: 64

    Format: C2
    Target: 33
    Source: F1
    Data: 1 C 
    Checksum: F3

    Format: 84
    Target: F1
    Source: 11
    Data: 41 C A FC 
    Checksum: D9

    Format: C2
    Target: 33
    Source: F1
    Data: 1 D 
    Checksum: F4

    Format: 83
    Target: F1
    Source: 11
    Data: 41 D 0 
    Checksum: D3

    Format: C2
    Target: 33
    Source: F1
    Data: 1 5 
    Checksum: EC

    Format: 83
    Target: F1
    Source: 11
    Data: 41 5 82 
    Checksum: 4D

    Format: C2
    Target: 33
    Source: F1
    Data: 1 10 
    Checksum: F7

    Format: 84
    Target: F1
    Source: 11
    Data: 41 10 0 8D 
    Checksum: 64

    Format: C2
    Target: 33
    Source: F1
    Data: 1 C 
    Checksum: F3

    Format: 84
    Target: F1
    Source: 11
    Data: 41 C B 8 
    Checksum: E6

    Format: C2
    Target: 33
    Source: F1
    Data: 1 D 
    Checksum: F4

    Format: 83
    Target: F1
    Source: 11
    Data: 41 D 0 
    Checksum: D3

    Format: C2
    Target: 33
    Source: F1
    Data: 1 5 
    Checksum: EC

    Format: 83
    Target: F1
    Source: 11
    Data: 41 5 82 
    Checksum: 4D

    Format: C2
    Target: 33
    Source: F1
    Data: 1 10 
    Checksum: F7

    Format: 84
    Target: F1
    Source: 11
    Data: 41 10 0 8D 
    Checksum: 64

    Format: C2
    Target: 33
    Source: F1
    Data: 1 C 
    Checksum: F3

    Format: 84
    Target: F1
    Source: 11
    Data: 41 C A D4 
    Checksum: B1

    Format: C2
    Target: 33
    Source: F1
    Data: 1 D 
    Checksum: F4

    Format: 83
    Target: F1
    Source: 11
    Data: 41 D 0 
    Checksum: D3

    Format: C2
    Target: 33
    Source: F1
    Data: 1 5 
    Checksum: EC

    Format: 83
    Target: F1
    Source: 11
    Data: 41 5 82 
    Checksum: 4D

    Format: C2
    Target: 33
    Source: F1
    Data: 1 10 
    Checksum: F7

    Format: 84
    Target: F1
    Source: 11
    Data: 41 10 0 8D 
    Checksum: 64

    Format: C2
    Target: 33
    Source: F1
    Data: 1 C 
    Checksum: F3

    Format: 84
    Target: F1
    Source: 11
    Data: 41 C A FC 
    Checksum: D9

    Format: C2
    Target: 33
    Source: F1
    Data: 1 D 
    Checksum: F4

    Format: 83
    Target: F1
    Source: 11
    Data: 41 D 0 
    Checksum: D3

    Format: C2
    Target: 33
    Source: F1
    Data: 1 5 
    Checksum: EC

    Format: 83
    Target: F1
    Source: 11
    Data: 41 5 82 
    Checksum: 4D

    Format: C2
    Target: 33
    Source: F1
    Data: 1 10 
    Checksum: F7

    Format: 84
    Target: F1
    Source: 11
    Data: 41 10 0 8B 
    Checksum: 62

    Format: C2
    Target: 33
    Source: F1
    Data: 1 C 
    Checksum: F3

    Format: 84
    Target: F1
    Source: 11
    Data: 41 C B 8 
    Checksum: E6

    Format: C2
    Target: 33
    Source: F1
    Data: 1 D 
    Checksum: F4

    Format: 83
    Target: F1
    Source: 11
    Data: 41 D 0 
    Checksum: D3

    Format: C2
    Target: 33
    Source: F1
    Data: 1 5 
    Checksum: EC

    Format: 83
    Target: F1
    Source: 11
    Data: 41 5 82 
    Checksum: 4D

    Format: C2
    Target: 33
    Source: F1
    Data: 1 10 
    Checksum: F7

    Format: 84
    Target: F1
    Source: 11
    Data: 41 10 0 8F 
    Checksum: 66

    Format: C2
    Target: 33
    Source: F1
    Data: 1 C 
    Checksum: F3

    Format: 84
    Target: F1
    Source: 11
    Data: 41 C B 9 
    Checksum: E7

    Format: C2
    Target: 33
    Source: F1
    Data: 1 D 
    Checksum: F4

    Format: 83
    Target: F1
    Source: 11
    Data: 41 D 0 
    Checksum: D3

    Format: C2
    Target: 33
    Source: F1
    Data: 1 5 
    Checksum: EC

    Format: 83
    Target: F1
    Source: 11
    Data: 41 5 82 
    Checksum: 4D

    Format: C2
    Target: 33
    Source: F1
    Data: 1 10 
    Checksum: F7

    Format: 84
    Target: F1
    Source: 11
    Data: 41 10 0 89 
    Checksum: 60

    Format: C2
    Target: 33
    Source: F1
    Data: 1 C 
    Checksum: F3

    Format: 84
    Target: F1
    Source: 11
    Data: 41 C A FA 
    Checksum: D7

    Format: C2
    Target: 33
    Source: F1
    Data: 1 D 
    Checksum: F4

    Format: 83
    Target: F1
    Source: 11
    Data: 41 D 0 
    Checksum: D3

    Format: C2
    Target: 33
    Source: F1
    Data: 1 5 
    Checksum: EC

    Format: 83
    Target: F1
    Source: 11
    Data: 41 5 82 
    Checksum: 4D

    Format: C2
    Target: 33
    Source: F1
    Data: 1 10 
    Checksum: F7

    Format: 84
    Target: F1
    Source: 11
    Data: 41 10 0 89 
    Checksum: 60

    Format: C2
    Target: 33
    Source: F1
    Data: 1 C 
    Checksum: F3

    Format: 84
    Target: F1
    Source: 11
    Data: 41 C A F0 
    Checksum: CD

    Format: C2
    Target: 33
    Source: F1
    Data: 1 D 
    Checksum: F4

    Format: 83
    Target: F1
    Source: 11
    Data: 41 D 0 
    Checksum: D3

    Format: C2
    Target: 33
    Source: F1
    Data: 1 5 
    Checksum: EC

    Format: 83
    Target: F1
    Source: 11
    Data: 41 5 82 
    Checksum: 4D

    Format: C2
    Target: 33
    Source: F1
    Data: 1 10 
    Checksum: F7

    Format: 84
    Target: F1
    Source: 11
    Data: 41 10 0 8D 
    Checksum: 64

    Format: C2
    Target: 33
    Source: F1
    Data: 1 C 
    Checksum: F3

    Format: 84
    Target: F1
    Source: 11
    Data: 41 C A F2 
    Checksum: CF

    Format: C2
    Target: 33
    Source: F1
    Data: 1 D 
    Checksum: F4

    Format: 83
    Target: F1
    Source: 11
    Data: 41 D 0 
    Checksum: D3

    Format: C2
    Target: 33
    Source: F1
    Data: 1 5 
    Checksum: EC

    Format: 83
    Target: F1
    Source: 11
    Data: 41 5 82 
    Checksum: 4D

    Format: C2
    Target: 33
    Source: F1
    Data: 1 10 
    Checksum: F7

    Format: 84
    Target: F1
    Source: 11
    Data: 41 10 0 8B 
    Checksum: 62

    Format: C2
    Target: 33
    Source: F1
    Data: 1 C 
    Checksum: F3

    Format: 84
    Target: F1
    Source: 11
    Data: 41 C A CE 
    Checksum: AB

    Format: C2
    Target: 33
    Source: F1
    Data: 1 D 
    Checksum: F4

    Format: 83
    Target: F1
    Source: 11
    Data: 41 D 0 
    Checksum: D3

    Format: C2
    Target: 33
    Source: F1
    Data: 1 5 
    Checksum: EC

    Format: 83
    Target: F1
    Source: 11
    Data: 41 5 82 
    Checksum: 4D

    Format: C2
    Target: 33
    Source: F1
    Data: 1 10 
    Checksum: F7

    Format: 84
    Target: F1
    Source: 11
    Data: 41 10 0 8D 
    Checksum: 64

    Format: C2
    Target: 33
    Source: F1
    Data: 1 C 
    Checksum: F3

    Format: 84
    Target: F1
    Source: 11
    Data: 41 C A F6 
    Checksum: D3

    Format: C2
    Target: 33
    Source: F1
    Data: 1 D 
    Checksum: F4

    Format: 83
    Target: F1
    Source: 11
    Data: 41 D 0 
    Checksum: D3

    Format: C2
    Target: 33
    Source: F1
    Data: 1 5 
    Checksum: EC

    Format: 83
    Target: F1
    Source: 11
    Data: 41 5 82 
    Checksum: 4D

    Format: C2
    Target: 33
    Source: F1
    Data: 1 10 
    Checksum: F7

    Format: 84
    Target: F1
    Source: 11
    Data: 41 10 0 89 
    Checksum: 60

    Format: C2
    Target: 33
    Source: F1
    Data: 1 C 
    Checksum: F3

    Format: 84
    Target: F1
    Source: 11
    Data: 41 C B 1 
    Checksum: DF

    Format: C2
    Target: 33
    Source: F1
    Data: 1 D 
    Checksum: F4

    Format: 83
    Target: F1
    Source: 11
    Data: 41 D 0 
    Checksum: D3

    Format: C2
    Target: 33
    Source: F1
    Data: 1 5 
    Checksum: EC

    Format: 83
    Target: F1
    Source: 11
    Data: 41 5 82 
    Checksum: 4D

    Format: C2
    Target: 33
    Source: F1
    Data: 1 10 
    Checksum: F7

    Format: 84
    Target: F1
    Source: 11
    Data: 41 10 0 8D 
    Checksum: 64

    Format: C2
    Target: 33
    Source: F1
    Data: 1 C 
    Checksum: F3

    Format: 84
    Target: F1
    Source: 11
    Data: 41 C A F5 
    Checksum: D2

    Format: C2
    Target: 33
    Source: F1
    Data: 1 D 
    Checksum: F4

    Format: 83
    Target: F1
    Source: 11
    Data: 41 D 0 
    Checksum: D3

    Format: C2
    Target: 33
    Source: F1
    Data: 1 5 
    Checksum: EC

    Format: 83
    Target: F1
    Source: 11
    Data: 41 5 82 
    Checksum: 4D

    Format: C2
    Target: 33
    Source: F1
    Data: 1 10 
    Checksum: F7

    Format: 84
    Target: F1
    Source: 11
    Data: 41 10 0 8D 
    Checksum: 64

    Format: C2
    Target: 33
    Source: F1
    Data: 1 C 
    Checksum: F3

    Format: 84
    Target: F1
    Source: 11
    Data: 41 C A E4 
    Checksum: C1

    Format: C2
    Target: 33
    Source: F1
    Data: 1 D 
    Checksum: F4

    Format: 83
    Target: F1
    Source: 11
    Data: 41 D 0 
    Checksum: D3

    Format: C2
    Target: 33
    Source: F1
    Data: 1 5 
    Checksum: EC

    Format: 83
    Target: F1
    Source: 11
    Data: 41 5 82 
    Checksum: 4D

    Format: C2
    Target: 33
    Source: F1
    Data: 1 10 
    Checksum: F7

    Format: 84
    Target: F1
    Source: 11
    Data: 41 10 0 8D 
    Checksum: 64

    Format: C2
    Target: 33
    Source: F1
    Data: 1 C 
    Checksum: F3

    Format: 84
    Target: F1
    Source: 11
    Data: 41 C A DF 
    Checksum: BC

    Format: C2
    Target: 33
    Source: F1
    Data: 1 D 
    Checksum: F4

    Format: 83
    Target: F1
    Source: 11
    Data: 41 D 0 
    Checksum: D3

    Format: C2
    Target: 33
    Source: F1
    Data: 1 5 
    Checksum: EC

    Format: 83
    Target: F1
    Source: 11
    Data: 41 5 82 
    Checksum: 4D

    Format: C2
    Target: 33
    Source: F1
    Data: 1 10 
    Checksum: F7

    Format: 84
    Target: F1
    Source: 11
    Data: 41 10 0 8D 
    Checksum: 64

    Format: C2
    Target: 33
    Source: F1
    Data: 1 C 
    Checksum: F3

    Format: 84
    Target: F1
    Source: 11
    Data: 41 C B 6 
    Checksum: E4

    Format: C2
    Target: 33
    Source: F1
    Data: 1 D 
    Checksum: F4

    Format: 83
    Target: F1
    Source: 11
    Data: 41 D 0 
    Checksum: D3

    Format: C2
    Target: 33
    Source: F1
    Data: 1 5 
    Checksum: EC

    Format: 83
    Target: F1
    Source: 11
    Data: 41 5 82 
    Checksum: 4D

    Format: C2
    Target: 33
    Source: F1
    Data: 1 10 
    Checksum: F7

    Format: 84
    Target: F1
    Source: 11
    Data: 41 10 0 8D 
    Checksum: 64

    Format: C2
    Target: 33
    Source: F1
    Data: 1 C 
    Checksum: F3

    Format: 84
    Target: F1
    Source: 11
    Data: 41 C B 7 
    Checksum: E5

    Format: C2
    Target: 33
    Source: F1
    Data: 1 D 
    Checksum: F4

    Format: 83
    Target: F1
    Source: 11
    Data: 41 D 0 
    Checksum: D3

    Format: C2
    Target: 33
    Source: F1
    Data: 1 5 
    Checksum: EC

    Format: 83
    Target: F1
    Source: 11
    Data: 41 5 82 
    Checksum: 4D

    Format: C2
    Target: 33
    Source: F1
    Data: 1 10 
    Checksum: F7

    Format: 84
    Target: F1
    Source: 11
    Data: 41 10 0 8F 
    Checksum: 66

    Format: C2
    Target: 33
    Source: F1
    Data: 1 C 
    Checksum: F3

    Format: 84
    Target: F1
    Source: 11
    Data: 41 C A F7 
    Checksum: D4

    Format: C2
    Target: 33
    Source: F1
    Data: 1 D 
    Checksum: F4

    Format: 83
    Target: F1
    Source: 11
    Data: 41 D 0 
    Checksum: D3

    Format: C2
    Target: 33
    Source: F1
    Data: 1 5 
    Checksum: EC

    Format: 83
    Target: F1
    Source: 11
    Data: 41 5 82 
    Checksum: 4D

    Format: C2
    Target: 33
    Source: F1
    Data: 1 10 
    Checksum: F7

    Format: 84
    Target: F1
    Source: 11
    Data: 41 10 0 8D 
    Checksum: 64

    Format: C2
    Target: 33
    Source: F1
    Data: 1 C 
    Checksum: F3

    Format: 84
    Target: F1
    Source: 11
    Data: 41 C B 16 
    Checksum: F4

    Format: C2
    Target: 33
    Source: F1
    Data: 1 D 
    Checksum: F4

    Format: 83
    Target: F1
    Source: 11
    Data: 41 D 0 
    Checksum: D3

    Format: C2
    Target: 33
    Source: F1
    Data: 1 5 
    Checksum: EC

    Format: 83
    Target: F1
    Source: 11
    Data: 41 5 82 
    Checksum: 4D

    Format: C2
    Target: 33
    Source: F1
    Data: 1 10 
    Checksum: F7

    Format: 84
    Target: F1
    Source: 11
    Data: 41 10 0 8F 
    Checksum: 66

    Format: C2
    Target: 33
    Source: F1
    Data: 1 C 
    Checksum: F3

    Format: 84
    Target: F1
    Source: 11
    Data: 41 C B 1A 
    Checksum: F8

    Format: C2
    Target: 33
    Source: F1
    Data: 1 D 
    Checksum: F4

    Format: 83
    Target: F1
    Source: 11
    Data: 41 D 0 
    Checksum: D3

    Format: C2
    Target: 33
    Source: F1
    Data: 1 5 
    Checksum: EC

    Format: 83
    Target: F1
    Source: 11
    Data: 41 5 82 
    Checksum: 4D

    Format: C2
    Target: 33
    Source: F1
    Data: 1 10 
    Checksum: F7

    Format: 84
    Target: F1
    Source: 11
    Data: 41 10 0 8F 
    Checksum: 66

    Format: C2
    Target: 33
    Source: F1
    Data: 1 C 
    Checksum: F3

    Format: 84
    Target: F1
    Source: 11
    Data: 41 C A F6 
    Checksum: D3

    Format: C2
    Target: 33
    Source: F1
    Data: 1 D 
    Checksum: F4

    Format: 83
    Target: F1
    Source: 11
    Data: 41 D 0 
    Checksum: D3

    Format: C2
    Target: 33
    Source: F1
    Data: 1 5 
    Checksum: EC

    Format: 83
    Target: F1
    Source: 11
    Data: 41 5 82 
    Checksum: 4D

    Format: C2
    Target: 33
    Source: F1
    Data: 1 10 
    Checksum: F7

    Format: 84
    Target: F1
    Source: 11
    Data: 41 10 0 8D 
    Checksum: 64

    Format: C2
    Target: 33
    Source: F1
    Data: 1 C 
    Checksum: F3

    Format: 84
    Target: F1
    Source: 11
    Data: 41 C B 12 
    Checksum: F0

    Format: C2
    Target: 33
    Source: F1
    Data: 1 D 
    Checksum: F4

    Format: 83
    Target: F1
    Source: 11
    Data: 41 D 0 
    Checksum: D3

    Format: C2
    Target: 33
    Source: F1
    Data: 1 5 
    Checksum: EC

    Format: 83
    Target: F1
    Source: 11
    Data: 41 5 82 
    Checksum: 4D

    Format: C2
    Target: 33
    Source: F1
    Data: 1 10 
    Checksum: F7

    Format: 84
    Target: F1
    Source: 11
    Data: 41 10 0 8D 
    Checksum: 64

    Format: C2
    Target: 33
    Source: F1
    Data: 1 C 
    Checksum: F3

    Format: 84
    Target: F1
    Source: 11
    Data: 41 C B 9 
    Checksum: E7

    Format: C2
    Target: 33
    Source: F1
    Data: 1 D 
    Checksum: F4

    Format: 83
    Target: F1
    Source: 11
    Data: 41 D 0 
    Checksum: D3

    Format: C2
    Target: 33
    Source: F1
    Data: 1 5 
    Checksum: EC

    Format: 83
    Target: F1
    Source: 11
    Data: 41 5 82 
    Checksum: 4D

    Format: C2
    Target: 33
    Source: F1
    Data: 1 10 
    Checksum: F7

    Format: 84
    Target: F1
    Source: 11
    Data: 41 10 0 8D 
    Checksum: 64

    Format: C2
    Target: 33
    Source: F1
    Data: 1 C 
    Checksum: F3

    Format: 84
    Target: F1
    Source: 11
    Data: 41 C A E2 
    Checksum: BF

    Format: C2
    Target: 33
    Source: F1
    Data: 1 D 
    Checksum: F4

    Format: 83
    Target: F1
    Source: 11
    Data: 41 D 0 
    Checksum: D3

    Format: C2
    Target: 33
    Source: F1
    Data: 1 5 
    Checksum: EC

    Format: 83
    Target: F1
    Source: 11
    Data: 41 5 82 
    Checksum: 4D

    Format: C2
    Target: 33
    Source: F1
    Data: 1 10 
    Checksum: F7

    Format: 84
    Target: F1
    Source: 11
    Data: 41 10 0 89 
    Checksum: 60

    Format: C2
    Target: 33
    Source: F1
    Data: 1 C 
    Checksum: F3

    Format: 84
    Target: F1
    Source: 11
    Data: 41 C A DC 
    Checksum: B9

    Format: C2
    Target: 33
    Source: F1
    Data: 1 D 
    Checksum: F4

    Format: 83
    Target: F1
    Source: 11
    Data: 41 D 0 
    Checksum: D3

    Format: C2
    Target: 33
    Source: F1
    Data: 1 5 
    Checksum: EC

    Format: 83
    Target: F1
    Source: 11
    Data: 41 5 82 
    Checksum: 4D

    Format: C2
    Target: 33
    Source: F1
    Data: 1 10 
    Checksum: F7

    Format: 84
    Target: F1
    Source: 11
    Data: 41 10 0 8D 
    Checksum: 64

    Format: C2
    Target: 33
    Source: F1
    Data: 1 C 
    Checksum: F3

    Format: 84
    Target: F1
    Source: 11
    Data: 41 C A FE 
    Checksum: DB

    Format: C2
    Target: 33
    Source: F1
    Data: 1 D 
    Checksum: F4

    Format: 83
    Target: F1
    Source: 11
    Data: 41 D 0 
    Checksum: D3

    Format: C2
    Target: 33
    Source: F1
    Data: 1 5 
    Checksum: EC

    Format: 83
    Target: F1
    Source: 11
    Data: 41 5 82 
    Checksum: 4D

    Format: C2
    Target: 33
    Source: F1
    Data: 1 10 
    Checksum: F7

    Format: 84
    Target: F1
    Source: 11
    Data: 41 10 0 8D 
    Checksum: 64

    Format: C2
    Target: 33
    Source: F1
    Data: 1 C 
    Checksum: F3

    Format: 84
    Target: F1
    Source: 11
    Data: 41 C A E4 
    Checksum: C1

    Format: C2
    Target: 33
    Source: F1
    Data: 1 D 
    Checksum: F4

    Format: 83
    Target: F1
    Source: 11
    Data: 41 D 0 
    Checksum: D3

    Format: C2
    Target: 33
    Source: F1
    Data: 1 5 
    Checksum: EC

    Format: 83
    Target: F1
    Source: 11
    Data: 41 5 82 
    Checksum: 4D

    Format: C2
    Target: 33
    Source: F1
    Data: 1 10 
    Checksum: F7

    Format: 84
    Target: F1
    Source: 11
    Data: 41 10 0 89 
    Checksum: 60

    Format: C2
    Target: 33
    Source: F1
    Data: 1 C 
    Checksum: F3

    Format: 84
    Target: F1
    Source: 11
    Data: 41 C A E7 
    Checksum: C4

    Format: C2
    Target: 33
    Source: F1
    Data: 1 D 
    Checksum: F4

    Format: 83
    Target: F1
    Source: 11
    Data: 41 D 0 
    Checksum: D3

    Format: C2
    Target: 33
    Source: F1
    Data: 1 5 
    Checksum: EC

    Format: 83
    Target: F1
    Source: 11
    Data: 41 5 82 
    Checksum: 4D

    Format: C2
    Target: 33
    Source: F1
    Data: 1 10 
    Checksum: F7

    Format: 84
    Target: F1
    Source: 11
    Data: 41 10 0 8D 
    Checksum: 64

    Format: C2
    Target: 33
    Source: F1
    Data: 1 C 
    Checksum: F3

    Format: 84
    Target: F1
    Source: 11
    Data: 41 C A D8 
    Checksum: B5

    Format: C2
    Target: 33
    Source: F1
    Data: 1 D 
    Checksum: F4

    Format: 83
    Target: F1
    Source: 11
    Data: 41 D 0 
    Checksum: D3

    Format: C2
    Target: 33
    Source: F1
    Data: 1 5 
    Checksum: EC

    Format: 83
    Target: F1
    Source: 11
    Data: 41 5 82 
    Checksum: 4D

    Format: C2
    Target: 33
    Source: F1
    Data: 1 10 
    Checksum: F7

    Format: 84
    Target: F1
    Source: 11
    Data: 41 10 0 8B 
    Checksum: 62

    Format: C2
    Target: 33
    Source: F1
    Data: 1 C 
    Checksum: F3

    Format: 84
    Target: F1
    Source: 11
    Data: 41 C A F6 
    Checksum: D3

    Format: C2
    Target: 33
    Source: F1
    Data: 1 D 
    Checksum: F4

    Format: 83
    Target: F1
    Source: 11
    Data: 41 D 0 
    Checksum: D3

    Format: C2
    Target: 33
    Source: F1
    Data: 1 5 
    Checksum: EC

    Format: 83
    Target: F1
    Source: 11
    Data: 41 5 82 
    Checksum: 4D

    Format: C2
    Target: 33
    Source: F1
    Data: 1 10 
    Checksum: F7

    Format: 84
    Target: F1
    Source: 11
    Data: 41 10 0 8D 
    Checksum: 64

    Format: C2
    Target: 33
    Source: F1
    Data: 1 C 
    Checksum: F3

    Format: 84
    Target: F1
    Source: 11
    Data: 41 C A F1 
    Checksum: CE

    Format: C2
    Target: 33
    Source: F1
    Data: 1 D 
    Checksum: F4

    Format: 83
    Target: F1
    Source: 11
    Data: 41 D 0 
    Checksum: D3

    Format: C2
    Target: 33
    Source: F1
    Data: 1 5 
    Checksum: EC

    Format: 83
    Target: F1
    Source: 11
    Data: 41 5 82 
    Checksum: 4D

    Format: C2
    Target: 33
    Source: F1
    Data: 1 10 
    Checksum: F7

    Format: 84
    Target: F1
    Source: 11
    Data: 41 10 0 8B 
    Checksum: 62

    Format: C2
    Target: 33
    Source: F1
    Data: 1 C 
    Checksum: F3

    Format: 84
    Target: F1
    Source: 11
    Data: 41 C A FB 
    Checksum: D8

    Format: C2
    Target: 33
    Source: F1
    Data: 1 D 
    Checksum: F4

    Format: 83
    Target: F1
    Source: 11
    Data: 41 D 0 
    Checksum: D3

    Format: C2
    Target: 33
    Source: F1
    Data: 1 5 
    Checksum: EC

    Format: 83
    Target: F1
    Source: 11
    Data: 41 5 82 
    Checksum: 4D

    Format: C2
    Target: 33
    Source: F1
    Data: 1 10 
    Checksum: F7

    Format: 84
    Target: F1
    Source: 11
    Data: 41 10 0 8B 
    Checksum: 62

    Format: C2
    Target: 33
    Source: F1
    Data: 1 C 
    Checksum: F3

    Format: 84
    Target: F1
    Source: 11
    Data: 41 C A F4 
    Checksum: D1

    Format: C2
    Target: 33
    Source: F1
    Data: 1 D 
    Checksum: F4

    Format: 83
    Target: F1
    Source: 11
    Data: 41 D 0 
    Checksum: D3

    Format: C2
    Target: 33
    Source: F1
    Data: 1 5 
    Checksum: EC

    Format: 83
    Target: F1
    Source: 11
    Data: 41 5 82 
    Checksum: 4D

    Format: C2
    Target: 33
    Source: F1
    Data: 1 10 
    Checksum: F7

    Format: 84
    Target: F1
    Source: 11
    Data: 41 10 0 8F 
    Checksum: 66

    Format: C2
    Target: 33
    Source: F1
    Data: 1 C 
    Checksum: F3

    Format: 84
    Target: F1
    Source: 11
    Data: 41 C B 10 
    Checksum: EE

    Format: C2
    Target: 33
    Source: F1
    Data: 1 D 
    Checksum: F4

    Format: 83
    Target: F1
    Source: 11
    Data: 41 D 0 
    Checksum: D3

    Format: C2
    Target: 33
    Source: F1
    Data: 1 5 
    Checksum: EC

    Format: 83
    Target: F1
    Source: 11
    Data: 41 5 82 
    Checksum: 4D

    Format: C2
    Target: 33
    Source: F1
    Data: 1 10 
    Checksum: F7

    Format: 84
    Target: F1
    Source: 11
    Data: 41 10 0 8B 
    Checksum: 62

    Format: C2
    Target: 33
    Source: F1
    Data: 1 C 
    Checksum: F3

    Format: 84
    Target: F1
    Source: 11
    Data: 41 C A ED 
    Checksum: CA

    Format: C2
    Target: 33
    Source: F1
    Data: 1 D 
    Checksum: F4

    Format: 83
    Target: F1
    Source: 11
    Data: 41 D 0 
    Checksum: D3

    Format: C2
    Target: 33
    Source: F1
    Data: 1 5 
    Checksum: EC

    Format: 83
    Target: F1
    Source: 11
    Data: 41 5 82 
    Checksum: 4D

    Format: C2
    Target: 33
    Source: F1
    Data: 1 10 
    Checksum: F7

    Format: 84
    Target: F1
    Source: 11
    Data: 41 10 0 8D 
    Checksum: 64

    Format: C2
    Target: 33
    Source: F1
    Data: 1 C 
    Checksum: F3

    Format: 84
    Target: F1
    Source: 11
    Data: 41 C A CB 
    Checksum: A8

    Format: C2
    Target: 33
    Source: F1
    Data: 1 D 
    Checksum: F4

    Format: 83
    Target: F1
    Source: 11
    Data: 41 D 0 
    Checksum: D3

    Format: C2
    Target: 33
    Source: F1
    Data: 1 5 
    Checksum: EC

    Format: 83
    Target: F1
    Source: 11
    Data: 41 5 82 
    Checksum: 4D

    Format: C2
    Target: 33
    Source: F1
    Data: 1 10 
    Checksum: F7

    Format: 84
    Target: F1
    Source: 11
    Data: 41 10 0 8D 
    Checksum: 64

    Format: C2
    Target: 33
    Source: F1
    Data: 1 C 
    Checksum: F3

    Format: 84
    Target: F1
    Source: 11
    Data: 41 C A FA 
    Checksum: D7

    Format: C2
    Target: 33
    Source: F1
    Data: 1 D 
    Checksum: F4

    Format: 83
    Target: F1
    Source: 11
    Data: 41 D 0 
    Checksum: D3

    Format: C2
    Target: 33
    Source: F1
    Data: 1 5 
    Checksum: EC

    Format: 83
    Target: F1
    Source: 11
    Data: 41 5 82 
    Checksum: 4D

    Format: C2
    Target: 33
    Source: F1
    Data: 1 10 
    Checksum: F7

    Format: 84
    Target: F1
    Source: 11
    Data: 41 10 0 89 
    Checksum: 60

    Format: C2
    Target: 33
    Source: F1
    Data: 1 C 
    Checksum: F3

    Format: 84
    Target: F1
    Source: 11
    Data: 41 C B 9 
    Checksum: E7

    Format: C2
    Target: 33
    Source: F1
    Data: 1 D 
    Checksum: F4

    Format: 83
    Target: F1
    Source: 11
    Data: 41 D 0 
    Checksum: D3

    Format: C2
    Target: 33
    Source: F1
    Data: 1 5 
    Checksum: EC

    Format: 83
    Target: F1
    Source: 11
    Data: 41 5 82 
    Checksum: 4D

    Format: C2
    Target: 33
    Source: F1
    Data: 1 10 
    Checksum: F7

    Format: 84
    Target: F1
    Source: 11
    Data: 41 10 0 8D 
    Checksum: 64

    Format: C2
    Target: 33
    Source: F1
    Data: 1 C 
    Checksum: F3

    Format: 84
    Target: F1
    Source: 11
    Data: 41 C A BB 
    Checksum: 98

    Format: C2
    Target: 33
    Source: F1
    Data: 1 D 
    Checksum: F4

    Format: 83
    Target: F1
    Source: 11
    Data: 41 D 0 
    Checksum: D3

    Format: C2
    Target: 33
    Source: F1
    Data: 1 5 
    Checksum: EC

    Format: 83
    Target: F1
    Source: 11
    Data: 41 5 82 
    Checksum: 4D

    Format: C2
    Target: 33
    Source: F1
    Data: 1 10 
    Checksum: F7

    Format: 84
    Target: F1
    Source: 11
    Data: 41 10 0 8D 
    Checksum: 64

    Format: C2
    Target: 33
    Source: F1
    Data: 1 C 
    Checksum: F3

    Format: 84
    Target: F1
    Source: 11
    Data: 41 C A D9 
    Checksum: B6

    Format: C2
    Target: 33
    Source: F1
    Data: 1 D 
    Checksum: F4

    Format: 83
    Target: F1
    Source: 11
    Data: 41 D 0 
    Checksum: D3

    Format: C2
    Target: 33
    Source: F1
    Data: 1 5 
    Checksum: EC

    Format: 83
    Target: F1
    Source: 11
    Data: 41 5 82 
    Checksum: 4D

    Format: C2
    Target: 33
    Source: F1
    Data: 1 10 
    Checksum: F7

    Format: 84
    Target: F1
    Source: 11
    Data: 41 10 0 8D 
    Checksum: 64

    Format: C2
    Target: 33
    Source: F1
    Data: 1 C 
    Checksum: F3

    Format: 84
    Target: F1
    Source: 11
    Data: 41 C B 9 
    Checksum: E7

    Format: C2
    Target: 33
    Source: F1
    Data: 1 D 
    Checksum: F4

    Format: 83
    Target: F1
    Source: 11
    Data: 41 D 0 
    Checksum: D3

    Format: C2
    Target: 33
    Source: F1
    Data: 1 5 
    Checksum: EC

    Format: 83
    Target: F1
    Source: 11
    Data: 41 5 82 
    Checksum: 4D

    Format: C2
    Target: 33
    Source: F1
    Data: 1 10 
    Checksum: F7

    Format: 84
    Target: F1
    Source: 11
    Data: 41 10 0 8D 
    Checksum: 64

    Format: C2
    Target: 33
    Source: F1
    Data: 1 C 
    Checksum: F3

    Format: 84
    Target: F1
    Source: 11
    Data: 41 C B 1 
    Checksum: DF

    Format: C2
    Target: 33
    Source: F1
    Data: 1 D 
    Checksum: F4

    Format: 83
    Target: F1
    Source: 11
    Data: 41 D 0 
    Checksum: D3

    Format: C2
    Target: 33
    Source: F1
    Data: 1 5 
    Checksum: EC

    Format: 83
    Target: F1
    Source: 11
    Data: 41 5 82 
    Checksum: 4D

    Format: C2
    Target: 33
    Source: F1
    Data: 1 10 
    Checksum: F7

    Format: 84
    Target: F1
    Source: 11
    Data: 41 10 0 8D 
    Checksum: 64

    Format: C2
    Target: 33
    Source: F1
    Data: 1 C 
    Checksum: F3

    Format: 84
    Target: F1
    Source: 11
    Data: 41 C A FA 
    Checksum: D7

    Format: C2
    Target: 33
    Source: F1
    Data: 1 D 
    Checksum: F4

    Format: 83
    Target: F1
    Source: 11
    Data: 41 D 0 
    Checksum: D3

    Format: C2
    Target: 33
    Source: F1
    Data: 1 5 
    Checksum: EC

    Format: 83
    Target: F1
    Source: 11
    Data: 41 5 82 
    Checksum: 4D

    Format: C2
    Target: 33
    Source: F1
    Data: 1 10 
    Checksum: F7

    Format: 84
    Target: F1
    Source: 11
    Data: 41 10 0 8D 
    Checksum: 64

    Format: C2
    Target: 33
    Source: F1
    Data: 1 C 
    Checksum: F3

    Format: 84
    Target: F1
    Source: 11
    Data: 41 C A FC 
    Checksum: D9

    Format: C2
    Target: 33
    Source: F1
    Data: 1 D 
    Checksum: F4

    Format: 83
    Target: F1
    Source: 11
    Data: 41 D 0 
    Checksum: D3

    Format: C2
    Target: 33
    Source: F1
    Data: 1 5 
    Checksum: EC

    Format: 83
    Target: F1
    Source: 11
    Data: 41 5 82 
    Checksum: 4D

    Format: C2
    Target: 33
    Source: F1
    Data: 1 10 
    Checksum: F7

    Format: 84
    Target: F1
    Source: 11
    Data: 41 10 0 8B 
    Checksum: 62

    Format: C2
    Target: 33
    Source: F1
    Data: 1 C 
    Checksum: F3

    Format: 84
    Target: F1
    Source: 11
    Data: 41 C B 5 
    Checksum: E3

    Format: C2
    Target: 33
    Source: F1
    Data: 1 D 
    Checksum: F4

    Format: 83
    Target: F1
    Source: 11
    Data: 41 D 0 
    Checksum: D3

    Format: C2
    Target: 33
    Source: F1
    Data: 1 5 
    Checksum: EC

    Format: 83
    Target: F1
    Source: 11
    Data: 41 5 82 
    Checksum: 4D

    Format: C2
    Target: 33
    Source: F1
    Data: 1 10 
    Checksum: F7

    Format: 84
    Target: F1
    Source: 11
    Data: 41 10 0 8D 
    Checksum: 64

    Format: C2
    Target: 33
    Source: F1
    Data: 1 C 
    Checksum: F3

    Format: 84
    Target: F1
    Source: 11
    Data: 41 C A F7 
    Checksum: D4

    Format: C2
    Target: 33
    Source: F1
    Data: 1 D 
    Checksum: F4

    Format: 83
    Target: F1
    Source: 11
    Data: 41 D 0 
    Checksum: D3

    Format: C2
    Target: 33
    Source: F1
    Data: 1 5 
    Checksum: EC

    Format: 83
    Target: F1
    Source: 11
    Data: 41 5 82 
    Checksum: 4D

    Format: C2
    Target: 33
    Source: F1
    Data: 1 10 
    Checksum: F7

    Format: 84
    Target: F1
    Source: 11
    Data: 41 10 0 8B 
    Checksum: 62

    Format: C2
    Target: 33
    Source: F1
    Data: 1 C 
    Checksum: F3

    Format: 84
    Target: F1
    Source: 11
    Data: 41 C A F9 
    Checksum: D6

    Format: C2
    Target: 33
    Source: F1
    Data: 1 D 
    Checksum: F4

    Format: 83
    Target: F1
    Source: 11
    Data: 41 D 0 
    Checksum: D3

    Format: C2
    Target: 33
    Source: F1
    Data: 1 5 
    Checksum: EC

    Format: 83
    Target: F1
    Source: 11
    Data: 41 5 82 
    Checksum: 4D

    Format: C2
    Target: 33
    Source: F1
    Data: 1 10 
    Checksum: F7

    Format: 84
    Target: F1
    Source: 11
    Data: 41 10 0 8B 
    Checksum: 62

    Format: C2
    Target: 33
    Source: F1
    Data: 1 C 
    Checksum: F3

    Format: 84
    Target: F1
    Source: 11
    Data: 41 C A DB 
    Checksum: B8

    Format: C2
    Target: 33
    Source: F1
    Data: 1 D 
    Checksum: F4

    Format: 83
    Target: F1
    Source: 11
    Data: 41 D 0 
    Checksum: D3

    Format: C2
    Target: 33
    Source: F1
    Data: 1 5 
    Checksum: EC

    Format: 83
    Target: F1
    Source: 11
    Data: 41 5 82 
    Checksum: 4D

    Format: C2
    Target: 33
    Source: F1
    Data: 1 10 
    Checksum: F7

    Format: 84
    Target: F1
    Source: 11
    Data: 41 10 0 8D 
    Checksum: 64

    Format: C2
    Target: 33
    Source: F1
    Data: 1 C 
    Checksum: F3

    Format: 84
    Target: F1
    Source: 11
    Data: 41 C A E8 
    Checksum: C5

    Format: C2
    Target: 33
    Source: F1
    Data: 1 D 
    Checksum: F4

    Format: 83
    Target: F1
    Source: 11
    Data: 41 D 0 
    Checksum: D3

    Format: C2
    Target: 33
    Source: F1
    Data: 1 5 
    Checksum: EC

    Format: 83
    Target: F1
    Source: 11
    Data: 41 5 82 
    Checksum: 4D

    Format: C2
    Target: 33
    Source: F1
    Data: 1 10 
    Checksum: F7

    Format: 84
    Target: F1
    Source: 11
    Data: 41 10 0 8D 
    Checksum: 64

    Format: C2
    Target: 33
    Source: F1
    Data: 1 C 
    Checksum: F3

    Format: 84
    Target: F1
    Source: 11
    Data: 41 C B 5 
    Checksum: E3

    Format: C2
    Target: 33
    Source: F1
    Data: 1 D 
    Checksum: F4

    Format: 83
    Target: F1
    Source: 11
    Data: 41 D 0 
    Checksum: D3

    Format: C2
    Target: 33
    Source: F1
    Data: 1 5 
    Checksum: EC

    Format: 83
    Target: F1
    Source: 11
    Data: 41 5 82 
    Checksum: 4D

    Format: C2
    Target: 33
    Source: F1
    Data: 1 10 
    Checksum: F7

    Format: 84
    Target: F1
    Source: 11
    Data: 41 10 0 89 
    Checksum: 60

    Format: C2
    Target: 33
    Source: F1
    Data: 1 C 
    Checksum: F3

    Format: 84
    Target: F1
    Source: 11
    Data: 41 C A F2 
    Checksum: CF

    Format: C2
    Target: 33
    Source: F1
    Data: 1 D 
    Checksum: F4

    Format: 83
    Target: F1
    Source: 11
    Data: 41 D 0 
    Checksum: D3

    Format: C2
    Target: 33
    Source: F1
    Data: 1 5 
    Checksum: EC

    Format: 83
    Target: F1
    Source: 11
    Data: 41 5 82 
    Checksum: 4D

    Format: C2
    Target: 33
    Source: F1
    Data: 1 10 
    Checksum: F7

    Format: 84
    Target: F1
    Source: 11
    Data: 41 10 0 8D 
    Checksum: 64

    Format: C2
    Target: 33
    Source: F1
    Data: 1 C 
    Checksum: F3

    Format: 84
    Target: F1
    Source: 11
    Data: 41 C A D1 
    Checksum: AE

    Format: C2
    Target: 33
    Source: F1
    Data: 1 D 
    Checksum: F4

    Format: 83
    Target: F1
    Source: 11
    Data: 41 D 0 
    Checksum: D3

    Format: C2
    Target: 33
    Source: F1
    Data: 1 5 
    Checksum: EC

    Format: 83
    Target: F1
    Source: 11
    Data: 41 5 82 
    Checksum: 4D

    Format: C2
    Target: 33
    Source: F1
    Data: 1 10 
    Checksum: F7

    Format: 84
    Target: F1
    Source: 11
    Data: 41 10 0 8B 
    Checksum: 62

    Format: C2
    Target: 33
    Source: F1
    Data: 1 C 
    Checksum: F3

    Format: 84
    Target: F1
    Source: 11
    Data: 41 C B 0 
    Checksum: DE

    Format: C2
    Target: 33
    Source: F1
    Data: 1 D 
    Checksum: F4

    Format: 83
    Target: F1
    Source: 11
    Data: 41 D 0 
    Checksum: D3

    Format: 83
    Target: F1
    Source: 11
    Data: 41 D 9 
    Checksum: DC

    Format: C2
    Target: 33
    Source: F1
    Data: 1 5 
    Checksum: EC

    Format: 83
    Target: F1
    Source: 11
    Data: 41 5 7F 
    Checksum: 4A

    Format: C2
    Target: 33
    Source: F1
    Data: 1 10 
    Checksum: F7

    Format: 84
    Target: F1
    Source: 11
    Data: 41 10 0 AC 
    Checksum: 83

    Format: C2
    Target: 33
    Source: F1
    Data: 1 C 
    Checksum: F3

    Format: 84
    Target: F1
    Source: 11
    Data: 41 C B C6 
    Checksum: A4

    Format: C2
    Target: 33
    Source: F1
    Data: 1 D 
    Checksum: F4

    Format: 83
    Target: F1
    Source: 11
    Data: 41 D 8 
    Checksum: DB

    Format: C2
    Target: 33
    Source: F1
    Data: 1 5 
    Checksum: EC

    Format: 83
    Target: F1
    Source: 11
    Data: 41 5 80 
    Checksum: 4B

    Format: C2
    Target: 33
    Source: F1
    Data: 1 10 
    Checksum: F7

    Format: 84
    Target: F1
    Source: 11
    Data: 41 10 0 AA 
    Checksum: 81

    Format: C2
    Target: 33
    Source: F1
    Data: 1 C 
    Checksum: F3

    Format: 84
    Target: F1
    Source: 11
    Data: 41 C B 84 
    Checksum: 62

    Format: C2
    Target: 33
    Source: F1
    Data: 1 D 
    Checksum: F4

    Format: 83
    Target: F1
    Source: 11
    Data: 41 D 7 
    Checksum: DA

    Format: C2
    Target: 33
    Source: F1
    Data: 1 5 
    Checksum: EC

    Format: 83
    Target: F1
    Source: 11
    Data: 41 5 80 
    Checksum: 4B

    Format: C2
    Target: 33
    Source: F1
    Data: 1 10 
    Checksum: F7

    Format: 84
    Target: F1
    Source: 11
    Data: 41 10 0 AA 
    Checksum: 81

    Format: C2
    Target: 33
    Source: F1
    Data: 1 C 
    Checksum: F3

    Format: 84
    Target: F1
    Source: 11
    Data: 41 C B 8E 
    Checksum: 6C

    Format: C2
    Target: 33
    Source: F1
    Data: 1 D 
    Checksum: F4

    Format: 83
    Target: F1
    Source: 11
    Data: 41 D 5 
    Checksum: D8

    Format: C2
    Target: 33
    Source: F1
    Data: 1 5 
    Checksum: EC

    Format: 83
    Target: F1
    Source: 11
    Data: 41 5 80 
    Checksum: 4B

    Format: C2
    Target: 33
    Source: F1
    Data: 1 10 
    Checksum: F7

    Format: 84
    Target: F1
    Source: 11
    Data: 41 10 0 A8 
    Checksum: 7F

    Format: C2
    Target: 33
    Source: F1
    Data: 1 C 
    Checksum: F3

    Format: 84
    Target: F1
    Source: 11
    Data: 41 C B 6F 
    Checksum: 4D

    Format: C2
    Target: 33
    Source: F1
    Data: 1 D 
    Checksum: F4

    Format: 83
    Target: F1
    Source: 11
    Data: 41 D 3 
    Checksum: D6

    Format: C2
    Target: 33
    Source: F1
    Data: 1 5 
    Checksum: EC

    Format: 83
    Target: F1
    Source: 11
    Data: 41 5 80 
    Checksum: 4B

    Format: C2
    Target: 33
    Source: F1
    Data: 1 10 
    Checksum: F7

    Format: 84
    Target: F1
    Source: 11
    Data: 41 10 0 A8 
    Checksum: 7F

    Format: C2
    Target: 33
    Source: F1
    Data: 1 C 
    Checksum: F3

    Format: 84
    Target: F1
    Source: 11
    Data: 41 C B 6B 
    Checksum: 49

    Format: C2
    Target: 33
    Source: F1
    Data: 1 D 
    Checksum: F4

    Format: 83
    Target: F1
    Source: 11
    Data: 41 D 1 
    Checksum: D4

    Format: C2
    Target: 33
    Source: F1
    Data: 1 5 
    Checksum: EC

    Format: 83
    Target: F1
    Source: 11
    Data: 41 5 80 
    Checksum: 4B

    Format: C2
    Target: 33
    Source: F1
    Data: 1 10 
    Checksum: F7

    Format: 84
    Target: F1
    Source: 11
    Data: 41 10 0 A8 
    Checksum: 7F

    Format: C2
    Target: 33
    Source: F1
    Data: 1 C 
    Checksum: F3

    Format: 84
    Target: F1
    Source: 11
    Data: 41 C B 27 
    Checksum: 5

    Format: C2
    Target: 33
    Source: F1
    Data: 1 D 
    Checksum: F4

    Format: 83
    Target: F1
    Source: 11
    Data: 41 D 0 
    Checksum: D3

    Format: C2
    Target: 33
    Source: F1
    Data: 1 5 
    Checksum: EC

    Format: 83
    Target: F1
    Source: 11
    Data: 41 5 80 
    Checksum: 4B

    Format: C2
    Target: 33
    Source: F1
    Data: 1 10 
    Checksum: F7

    Format: 84
    Target: F1
    Source: 11
    Data: 41 10 0 A8 
    Checksum: 7F

    Format: C2
    Target: 33
    Source: F1
    Data: 1 C 
    Checksum: F3

    Format: 84
    Target: F1
    Source: 11
    Data: 41 C B 11 
    Checksum: EF

    Format: C2
    Target: 33
    Source: F1
    Data: 1 D 
    Checksum: F4

    Format: 83
    Target: F1
    Source: 11
    Data: 41 D 0 
    Checksum: D3

    Format: C2
    Target: 33
    Source: F1
    Data: 1 5 
    Checksum: EC

    Format: 83
    Target: F1
    Source: 11
    Data: 41 5 80 
    Checksum: 4B

    Format: C2
    Target: 33
    Source: F1
    Data: 1 10 
    Checksum: F7

    Format: 84
    Target: F1
    Source: 11
    Data: 41 10 0 A8 
    Checksum: 7F

    Format: C2
    Target: 33
    Source: F1
    Data: 1 C 
    Checksum: F3

    Format: 84
    Target: F1
    Source: 11
    Data: 41 C B 1E 
    Checksum: FC

    Format: C2
    Target: 33
    Source: F1
    Data: 1 D 
    Checksum: F4

    Format: 83
    Target: F1
    Source: 11
    Data: 41 D 0 
    Checksum: D3

    Format: C2
    Target: 33
    Source: F1
    Data: 1 5 
    Checksum: EC

    Format: 83
    Target: F1
    Source: 11
    Data: 41 5 80 
    Checksum: 4B

    Format: C2
    Target: 33
    Source: F1
    Data: 1 10 
    Checksum: F7

    Format: 84
    Target: F1
    Source: 11
    Data: 41 10 0 AA 
    Checksum: 81

    Format: C2
    Target: 33
    Source: F1
    Data: 1 C 
    Checksum: F3

    Format: 84
    Target: F1
    Source: 11
    Data: 41 C B 11 
    Checksum: EF

    Format: C2
    Target: 33
    Source: F1
    Data: 1 D 
    Checksum: F4

    Format: 83
    Target: F1
    Source: 11
    Data: 41 D 0 
    Checksum: D3

    Format: C2
    Target: 33
    Source: F1
    Data: 1 5 
    Checksum: EC

    Format: 83
    Target: F1
    Source: 11
    Data: 41 5 80 
    Checksum: 4B

    Format: C2
    Target: 33
    Source: F1
    Data: 1 10 
    Checksum: F7

    Format: 84
    Target: F1
    Source: 11
    Data: 41 10 0 A5 
    Checksum: 7C

    Format: C2
    Target: 33
    Source: F1
    Data: 1 C 
    Checksum: F3

    Format: 84
    Target: F1
    Source: 11
    Data: 41 C B 5 
    Checksum: E3

    Format: C2
    Target: 33
    Source: F1
    Data: 1 D 
    Checksum: F4

    Format: 83
    Target: F1
    Source: 11
    Data: 41 D 0 
    Checksum: D3

    Format: C2
    Target: 33
    Source: F1
    Data: 1 5 
    Checksum: EC

    Format: 83
    Target: F1
    Source: 11
    Data: 41 5 80 
    Checksum: 4B

    Format: C2
    Target: 33
    Source: F1
    Data: 1 10 
    Checksum: F7

    Format: 84
    Target: F1
    Source: 11
    Data: 41 10 0 A8 
    Checksum: 7F

    Format: C2
    Target: 33
    Source: F1
    Data: 1 C 
    Checksum: F3

    Format: 84
    Target: F1
    Source: 11
    Data: 41 C B 6A 
    Checksum: 48

    Format: C2
    Target: 33
    Source: F1
    Data: 1 D 
    Checksum: F4

    Format: 83
    Target: F1
    Source: 11
    Data: 41 D 0 
    Checksum: D3

    Format: C2
    Target: 33
    Source: F1
    Data: 1 5 
    Checksum: EC

    Format: 83
    Target: F1
    Source: 11
    Data: 41 5 80 
    Checksum: 4B

    Format: C2
    Target: 33
    Source: F1
    Data: 1 10 
    Checksum: F7

    Format: 84
    Target: F1
    Source: 11
    Data: 41 10 0 AA 
    Checksum: 81

    Format: C2
    Target: 33
    Source: F1
    Data: 1 C 
    Checksum: F3

    Format: 84
    Target: F1
    Source: 11
    Data: 41 C B 68 
    Checksum: 46

    Format: C2
    Target: 33
    Source: F1
    Data: 1 D 
    Checksum: F4

    Format: 83
    Target: F1
    Source: 11
    Data: 41 D 0 
    Checksum: D3

    Format: C2
    Target: 33
    Source: F1
    Data: 1 5 
    Checksum: EC

    Format: 83
    Target: F1
    Source: 11
    Data: 41 5 80 
    Checksum: 4B

    Format: C2
    Target: 33
    Source: F1
    Data: 1 10 
    Checksum: F7

    Format: 84
    Target: F1
    Source: 11
    Data: 41 10 0 AA 
    Checksum: 81

    Format: C2
    Target: 33
    Source: F1
    Data: 1 C 
    Checksum: F3

    Format: 84
    Target: F1
    Source: 11
    Data: 41 C B 45 
    Checksum: 23

    Format: C2
    Target: 33
    Source: F1
    Data: 1 D 
    Checksum: F4

    Format: 83
    Target: F1
    Source: 11
    Data: 41 D 0 
    Checksum: D3

    Format: C2
    Target: 33
    Source: F1
    Data: 1 5 
    Checksum: EC

    Format: 83
    Target: F1
    Source: 11
    Data: 41 5 80 
    Checksum: 4B

    Format: C2
    Target: 33
    Source: F1
    Data: 1 10 
    Checksum: F7

    Format: 84
    Target: F1
    Source: 11
    Data: 41 10 0 A5 
    Checksum: 7C

    Format: C2
    Target: 33
    Source: F1
    Data: 1 C 
    Checksum: F3

    Format: 84
    Target: F1
    Source: 11
    Data: 41 C B 3A 
    Checksum: 18

    Format: C2
    Target: 33
    Source: F1
    Data: 1 D 
    Checksum: F4

    Format: 83
    Target: F1
    Source: 11
    Data: 41 D 0 
    Checksum: D3

    Format: C2
    Target: 33
    Source: F1
    Data: 1 5 
    Checksum: EC

    Format: 83
    Target: F1
    Source: 11
    Data: 41 5 80 
    Checksum: 4B

    Format: C2
    Target: 33
    Source: F1
    Data: 1 10 
    Checksum: F7

    Format: 84
    Target: F1
    Source: 11
    Data: 41 10 0 A8 
    Checksum: 7F

    Format: C2
    Target: 33
    Source: F1
    Data: 1 C 
    Checksum: F3

    Format: 84
    Target: F1
    Source: 11
    Data: 41 C B 10 
    Checksum: EE

    Format: C2
    Target: 33
    Source: F1
    Data: 1 D 
    Checksum: F4

    Format: 83
    Target: F1
    Source: 11
    Data: 41 D 0 
    Checksum: D3

    Format: C2
    Target: 33
    Source: F1
    Data: 1 5 
    Checksum: EC

    Format: 83
    Target: F1
    Source: 11
    Data: 41 5 80 
    Checksum: 4B

    Format: C2
    Target: 33
    Source: F1
    Data: 1 10 
    Checksum: F7

    Format: 84
    Target: F1
    Source: 11
    Data: 41 10 0 A5 
    Checksum: 7C

    Format: C2
    Target: 33
    Source: F1
    Data: 1 C 
    Checksum: F3

    Format: 84
    Target: F1
    Source: 11
    Data: 41 C A D9 
    Checksum: B6

    Format: C2
    Target: 33
    Source: F1
    Data: 1 D 
    Checksum: F4

    Format: 83
    Target: F1
    Source: 11
    Data: 41 D 0 
    Checksum: D3

    Format: C2
    Target: 33
    Source: F1
    Data: 1 5 
    Checksum: EC

    Format: 83
    Target: F1
    Source: 11
    Data: 41 5 81 
    Checksum: 4C

    Format: C2
    Target: 33
    Source: F1
    Data: 1 10 
    Checksum: F7

    Format: 84
    Target: F1
    Source: 11
    Data: 41 10 0 A5 
    Checksum: 7C

    Format: C2
    Target: 33
    Source: F1
    Data: 1 C 
    Checksum: F3

    Format: 84
    Target: F1
    Source: 11
    Data: 41 C C 41 
    Checksum: 20

    Format: C2
    Target: 33
    Source: F1
    Data: 1 D 
    Checksum: F4

    Format: 83
    Target: F1
    Source: 11
    Data: 41 D 0 
    Checksum: D3

    Format: C2
    Target: 33
    Source: F1
    Data: 1 5 
    Checksum: EC

    Format: 83
    Target: F1
    Source: 11
    Data: 41 5 81 
    Checksum: 4C

    Format: C2
    Target: 33
    Source: F1
    Data: 1 10 
    Checksum: F7

    Format: 84
    Target: F1
    Source: 11
    Data: 41 10 3 4 
    Checksum: DE

    Format: C2
    Target: 33
    Source: F1
    Data: 1 C 
    Checksum: F3

    Format: 84
    Target: F1
    Source: 11
    Data: 41 C 1A 2A 
    Checksum: 17

    Format: C2
    Target: 33
    Source: F1
    Data: 1 D 
    Checksum: F4

    Format: 83
    Target: F1
    Source: 11
    Data: 41 D 1 
    Checksum: D4

    Format: C2
    Target: 33
    Source: F1
    Data: 1 5 
    Checksum: EC

    Format: 83
    Target: F1
    Source: 11
    Data: 41 5 81 
    Checksum: 4C

    Format: C2
    Target: 33
    Source: F1
    Data: 1 10 
    Checksum: F7

    Format: 84
    Target: F1
    Source: 11
    Data: 41 10 3 A2 
    Checksum: 7C

    Format: C2
    Target: 33
    Source: F1
    Data: 1 C 
    Checksum: F3

    Format: 84
    Target: F1
    Source: 11
    Data: 41 C 16 B 
    Checksum: F4

    Format: C2
    Target: 33
    Source: F1
    Data: 1 D 
    Checksum: F4

    Format: 83
    Target: F1
    Source: 11
    Data: 41 D 3 
    Checksum: D6

    Format: C2
    Target: 33
    Source: F1
    Data: 1 5 
    Checksum: EC

    Format: 83
    Target: F1
    Source: 11
    Data: 41 5 81 
    Checksum: 4C

    Format: C2
    Target: 33
    Source: F1
    Data: 1 10 
    Checksum: F7

    Format: 84
    Target: F1
    Source: 11
    Data: 41 10 3 78 
    Checksum: 52

    Format: C2
    Target: 33
    Source: F1
    Data: 1 C 
    Checksum: F3

    Format: 84
    Target: F1
    Source: 11
    Data: 41 C 15 1C 
    Checksum: 4

    Format: C2
    Target: 33
    Source: F1
    Data: 1 D 
    Checksum: F4

    Format: 83
    Target: F1
    Source: 11
    Data: 41 D 8 
    Checksum: DB

    Format: C2
    Target: 33
    Source: F1
    Data: 1 5 
    Checksum: EC

    Format: 83
    Target: F1
    Source: 11
    Data: 41 5 81 
    Checksum: 4C

    Format: C2
    Target: 33
    Source: F1
    Data: 1 10 
    Checksum: F7

    Format: 84
    Target: F1
    Source: 11
    Data: 41 10 3 AA 
    Checksum: 84

    Format: C2
    Target: 33
    Source: F1
    Data: 1 C 
    Checksum: F3

    Format: 84
    Target: F1
    Source: 11
    Data: 41 C 1C 68 
    Checksum: 57

    Format: C2
    Target: 33
    Source: F1
    Data: 1 D 
    Checksum: F4

    Format: 83
    Target: F1
    Source: 11
    Data: 41 D C 
    Checksum: DF

    Format: C2
    Target: 33
    Source: F1
    Data: 1 5 
    Checksum: EC

    Format: 83
    Target: F1
    Source: 11
    Data: 41 5 81 
    Checksum: 4C

    Format: C2
    Target: 33
    Source: F1
    Data: 1 10 
    Checksum: F7

    Format: 84
    Target: F1
    Source: 11
    Data: 41 10 0 B8 
    Checksum: 8F

    Format: C2
    Target: 33
    Source: F1
    Data: 1 C 
    Checksum: F3

    Format: 84
    Target: F1
    Source: 11
    Data: 41 C 18 60 
    Checksum: 4B

    Format: C2
    Target: 33
    Source: F1
    Data: 1 D 
    Checksum: F4

    Format: 83
    Target: F1
    Source: 11
    Data: 41 D E 
    Checksum: E1

    Format: C2
    Target: 33
    Source: F1
    Data: 1 5 
    Checksum: EC

    Format: 83
    Target: F1
    Source: 11
    Data: 41 5 80 
    Checksum: 4B

    Format: C2
    Target: 33
    Source: F1
    Data: 1 10 
    Checksum: F7

    Format: 84
    Target: F1
    Source: 11
    Data: 41 10 3 11 
    Checksum: EB

    Format: C2
    Target: 33
    Source: F1
    Data: 1 C 
    Checksum: F3

    Format: 84
    Target: F1
    Source: 11
    Data: 41 C 11 98 
    Checksum: 7C

    Format: C2
    Target: 33
    Source: F1
    Data: 1 D 
    Checksum: F4

    Format: 83
    Target: F1
    Source: 11
    Data: 41 D F 
    Checksum: E2

    Format: C2
    Target: 33
    Source: F1
    Data: 1 5 
    Checksum: EC

    Format: 83
    Target: F1
    Source: 11
    Data: 41 5 80 
    Checksum: 4B

    Format: C2
    Target: 33
    Source: F1
    Data: 1 10 
    Checksum: F7

    Format: 84
    Target: F1
    Source: 11
    Data: 41 10 2 DD 
    Checksum: B6

    Format: C2
    Target: 33
    Source: F1
    Data: 1 C 
    Checksum: F3

    Format: 84
    Target: F1
    Source: 11
    Data: 41 C 13 D9 
    Checksum: BF

    Format: C2
    Target: 33
    Source: F1
    Data: 1 D 
    Checksum: F4

    Format: 83
    Target: F1
    Source: 11
    Data: 41 D 11 
    Checksum: E4

    Format: C2
    Target: 33
    Source: F1
    Data: 1 5 
    Checksum: EC

    Format: 83
    Target: F1
    Source: 11
    Data: 41 5 80 
    Checksum: 4B

    Format: C2
    Target: 33
    Source: F1
    Data: 1 10 
    Checksum: F7

    Format: 84
    Target: F1
    Source: 11
    Data: 41 10 0 BA 
    Checksum: 91

    Format: C2
    Target: 33
    Source: F1
    Data: 1 C 
    Checksum: F3

    Format: 84
    Target: F1
    Source: 11
    Data: 41 C 19 53 
    Checksum: 3F

    Format: C2
    Target: 33
    Source: F1
    Data: 1 D 
    Checksum: F4

    Format: 83
    Target: F1
    Source: 11
    Data: 41 D 12 
    Checksum: E5

    Format: C2
    Target: 33
    Source: F1
    Data: 1 5 
    Checksum: EC

    Format: 83
    Target: F1
    Source: 11
    Data: 41 5 80 
    Checksum: 4B

    Format: C2
    Target: 33
    Source: F1
    Data: 1 10 
    Checksum: F7

    Format: 84
    Target: F1
    Source: 11
    Data: 41 10 0 AE 
    Checksum: 85

    Format: C2
    Target: 33
    Source: F1
    Data: 1 C 
    Checksum: F3

    Format: 84
    Target: F1
    Source: 11
    Data: 41 C 13 98 
    Checksum: 7E

    Format: C2
    Target: 33
    Source: F1
    Data: 1 D 
    Checksum: F4

    Format: 83
    Target: F1
    Source: 11
    Data: 41 D 13 
    Checksum: E6

    Format: C2
    Target: 33
    Source: F1
    Data: 1 5 
    Checksum: EC

    Format: 83
    Target: F1
    Source: 11
    Data: 41 5 80 
    Checksum: 4B

    Format: C2
    Target: 33
    Source: F1
    Data: 1 10 
    Checksum: F7

    Format: 84
    Target: F1
    Source: 11
    Data: 41 10 1 21 
    Checksum: F9

    Format: C2
    Target: 33
    Source: F1
    Data: 1 C 
    Checksum: F3

    Format: 84
    Target: F1
    Source: 11
    Data: 41 C D 0 
    Checksum: E0

    Format: C2
    Target: 33
    Source: F1
    Data: 1 D 
    Checksum: F4

    Format: 83
    Target: F1
    Source: 11
    Data: 41 D 12 
    Checksum: E5

    Format: C2
    Target: 33
    Source: F1
    Data: 1 5 
    Checksum: EC

    Format: 83
    Target: F1
    Source: 11
    Data: 41 5 80 
    Checksum: 4B

    Format: C2
    Target: 33
    Source: F1
    Data: 1 10 
    Checksum: F7

    Format: 84
    Target: F1
    Source: 11
    Data: 41 10 0 AA 
    Checksum: 81

    Format: C2
    Target: 33
    Source: F1
    Data: 1 C 
    Checksum: F3

    Format: 84
    Target: F1
    Source: 11
    Data: 41 C C B1 
    Checksum: 90

    Format: C2
    Target: 33
    Source: F1
    Data: 1 D 
    Checksum: F4

    Format: 83
    Target: F1
    Source: 11
    Data: 41 D 12 
    Checksum: E5

    Format: C2
    Target: 33
    Source: F1
    Data: 1 5 
    Checksum: EC

    Format: 83
    Target: F1
    Source: 11
    Data: 41 5 80 
    Checksum: 4B

    Format: C2
    Target: 33
    Source: F1
    Data: 1 10 
    Checksum: F7

    Format: 84
    Target: F1
    Source: 11
    Data: 41 10 1 24 
    Checksum: FC

    Format: C2
    Target: 33
    Source: F1
    Data: 1 C 
    Checksum: F3

    Format: 84
    Target: F1
    Source: 11
    Data: 41 C 13 58 
    Checksum: 3E

    Format: C2
    Target: 33
    Source: F1
    Data: 1 D 
    Checksum: F4

    Format: 83
    Target: F1
    Source: 11
    Data: 41 D 11 
    Checksum: E4

    Format: C2
    Target: 33
    Source: F1
    Data: 1 5 
    Checksum: EC

    Format: 83
    Target: F1
    Source: 11
    Data: 41 5 80 
    Checksum: 4B

    Format: C2
    Target: 33
    Source: F1
    Data: 1 10 
    Checksum: F7

    Format: 84
    Target: F1
    Source: 11
    Data: 41 10 1 62 
    Checksum: 3A

    Format: C2
    Target: 33
    Source: F1
    Data: 1 C 
    Checksum: F3

    Format: 84
    Target: F1
    Source: 11
    Data: 41 C 12 E7 
    Checksum: CC

    Format: C2
    Target: 33
    Source: F1
    Data: 1 D 
    Checksum: F4

    Format: 83
    Target: F1
    Source: 11
    Data: 41 D 11 
    Checksum: E4

    Format: C2
    Target: 33
    Source: F1
    Data: 1 5 
    Checksum: EC

    Format: 83
    Target: F1
    Source: 11
    Data: 41 5 80 
    Checksum: 4B

    Format: C2
    Target: 33
    Source: F1
    Data: 1 10 
    Checksum: F7

    Format: 84
    Target: F1
    Source: 11
    Data: 41 10 1 83 
    Checksum: 5B

    Format: C2
    Target: 33
    Source: F1
    Data: 1 C 
    Checksum: F3

    Format: 84
    Target: F1
    Source: 11
    Data: 41 C 13 55 
    Checksum: 3B

    Format: C2
    Target: 33
    Source: F1
    Data: 1 D 
    Checksum: F4

    Format: 83
    Target: F1
    Source: 11
    Data: 41 D 11 
    Checksum: E4

    Format: C2
    Target: 33
    Source: F1
    Data: 1 5 
    Checksum: EC

    Format: 83
    Target: F1
    Source: 11
    Data: 41 5 80 
    Checksum: 4B

    Format: C2
    Target: 33
    Source: F1
    Data: 1 10 
    Checksum: F7

    Format: 84
    Target: F1
    Source: 11
    Data: 41 10 1 11 
    Checksum: E9

    Format: C2
    Target: 33
    Source: F1
    Data: 1 C 
    Checksum: F3

    Format: 84
    Target: F1
    Source: 11
    Data: 41 C 13 5F 
    Checksum: 45

    Format: C2
    Target: 33
    Source: F1
    Data: 1 D 
    Checksum: F4

    Format: 83
    Target: F1
    Source: 11
    Data: 41 D 11 
    Checksum: E4

    Format: C2
    Target: 33
    Source: F1
    Data: 1 5 
    Checksum: EC

    Format: 83
    Target: F1
    Source: 11
    Data: 41 5 81 
    Checksum: 4C

    Format: C2
    Target: 33
    Source: F1
    Data: 1 10 
    Checksum: F7

    Format: 84
    Target: F1
    Source: 11
    Data: 41 10 0 B0 
    Checksum: 87

    Format: C2
    Target: 33
    Source: F1
    Data: 1 C 
    Checksum: F3

    Format: 84
    Target: F1
    Source: 11
    Data: 41 C 10 95 
    Checksum: 78

    Format: C2
    Target: 33
    Source: F1
    Data: 1 D 
    Checksum: F4

    Format: 83
    Target: F1
    Source: 11
    Data: 41 D 11 
    Checksum: E4

    Format: C2
    Target: 33
    Source: F1
    Data: 1 5 
    Checksum: EC

    Format: 83
    Target: F1
    Source: 11
    Data: 41 5 81 
    Checksum: 4C

    Format: C2
    Target: 33
    Source: F1
    Data: 1 10 
    Checksum: F7

    Format: 84
    Target: F1
    Source: 11
    Data: 41 10 1 8 
    Checksum: E0

    Format: C2
    Target: 33
    Source: F1
    Data: 1 C 
    Checksum: F3

    Format: 84
    Target: F1
    Source: 11
    Data: 41 C A B7 
    Checksum: 94

    Format: C2
    Target: 33
    Source: F1
    Data: 1 D 
    Checksum: F4

    Format: 83
    Target: F1
    Source: 11
    Data: 41 D 11 
    Checksum: E4

    Format: C2
    Target: 33
    Source: F1
    Data: 1 5 
    Checksum: EC

    Format: 83
    Target: F1
    Source: 11
    Data: 41 5 81 
    Checksum: 4C

    Format: C2
    Target: 33
    Source: F1
    Data: 1 10 
    Checksum: F7

    Format: 84
    Target: F1
    Source: 11
    Data: 41 10 0 AA 
    Checksum: 81

    Format: C2
    Target: 33
    Source: F1
    Data: 1 C 
    Checksum: F3

    Format: 84
    Target: F1
    Source: 11
    Data: 41 C B FE 
    Checksum: DC

    Format: C2
    Target: 33
    Source: F1
    Data: 1 D 
    Checksum: F4

    Format: 83
    Target: F1
    Source: 11
    Data: 41 D F 
    Checksum: E2

    Format: C2
    Target: 33
    Source: F1
    Data: 1 5 
    Checksum: EC

    Format: 83
    Target: F1
    Source: 11
    Data: 41 5 81 
    Checksum: 4C

    Format: C2
    Target: 33
    Source: F1
    Data: 1 10 
    Checksum: F7

    Format: 84
    Target: F1
    Source: 11
    Data: 41 10 0 A8 
    Checksum: 7F

    Format: C2
    Target: 33
    Source: F1
    Data: 1 C 
    Checksum: F3

    Format: 84
    Target: F1
    Source: 11
    Data: 41 C C F 
    Checksum: EE

    Format: C2
    Target: 33
    Source: F1
    Data: 1 D 
    Checksum: F4

    Format: 83
    Target: F1
    Source: 11
    Data: 41 D D 
    Checksum: E0

    Format: C2
    Target: 33
    Source: F1
    Data: 1 5 
    Checksum: EC

    Format: 83
    Target: F1
    Source: 11
    Data: 41 5 81 
    Checksum: 4C

    Format: C2
    Target: 33
    Source: F1
    Data: 1 10 
    Checksum: F7

    Format: 84
    Target: F1
    Source: 11
    Data: 41 10 0 AC 
    Checksum: 83

    Format: C2
    Target: 33
    Source: F1
    Data: 1 C 
    Checksum: F3

    Format: 84
    Target: F1
    Source: 11
    Data: 41 C B 22 
    Checksum: 0

    Format: C2
    Target: 33
    Source: F1
    Data: 1 D 
    Checksum: F4

    Format: 83
    Target: F1
    Source: 11
    Data: 41 D B 
    Checksum: DE

    Format: C2
    Target: 33
    Source: F1
    Data: 1 5 
    Checksum: EC

    Format: 83
    Target: F1
    Source: 11
    Data: 41 5 81 
    Checksum: 4C

    Format: C2
    Target: 33
    Source: F1
    Data: 1 10 
    Checksum: F7

    Format: 84
    Target: F1
    Source: 11
    Data: 41 10 0 A8 
    Checksum: 7F

    Format: C2
    Target: 33
    Source: F1
    Data: 1 C 
    Checksum: F3

    Format: 84
    Target: F1
    Source: 11
    Data: 41 C B 47 
    Checksum: 25

    Format: C2
    Target: 33
    Source: F1
    Data: 1 D 
    Checksum: F4

    Format: 83
    Target: F1
    Source: 11
    Data: 41 D 9 
    Checksum: DC

    Format: C2
    Target: 33
    Source: F1
    Data: 1 5 
    Checksum: EC

    Format: 83
    Target: F1
    Source: 11
    Data: 41 5 81 
    Checksum: 4C

    Format: C2
    Target: 33
    Source: F1
    Data: 1 10 
    Checksum: F7

    Format: 84
    Target: F1
    Source: 11
    Data: 41 10 0 A8 
    Checksum: 7F

    Format: C2
    Target: 33
    Source: F1
    Data: 1 C 
    Checksum: F3

    Format: 84
    Target: F1
    Source: 11
    Data: 41 C B 54 
    Checksum: 32

    Format: C2
    Target: 33
    Source: F1
    Data: 1 D 
    Checksum: F4

    Format: 83
    Target: F1
    Source: 11
    Data: 41 D 7 
    Checksum: DA

    Format: C2
    Target: 33
    Source: F1
    Data: 1 5 
    Checksum: EC

    Format: 83
    Target: F1
    Source: 11
    Data: 41 5 81 
    Checksum: 4C

    Format: C2
    Target: 33
    Source: F1
    Data: 1 10 
    Checksum: F7

    Format: 84
    Target: F1
    Source: 11
    Data: 41 10 0 AA 
    Checksum: 81

    Format: C2
    Target: 33
    Source: F1
    Data: 1 C 
    Checksum: F3

    Format: 84
    Target: F1
    Source: 11
    Data: 41 C B 14 
    Checksum: F2

    Format: C2
    Target: 33
    Source: F1
    Data: 1 D 
    Checksum: F4

    Format: 83
    Target: F1
    Source: 11
    Data: 41 D 5 
    Checksum: D8

    Format: C2
    Target: 33
    Source: F1
    Data: 1 5 
    Checksum: EC

    Format: 83
    Target: F1
    Source: 11
    Data: 41 5 81 
    Checksum: 4C

    Format: C2
    Target: 33
    Source: F1
    Data: 1 10 
    Checksum: F7

    Format: 84
    Target: F1
    Source: 11
    Data: 41 10 0 A5 
    Checksum: 7C

    Format: C2
    Target: 33
    Source: F1
    Data: 1 C 
    Checksum: F3

    Format: 84
    Target: F1
    Source: 11
    Data: 41 C B 2 
    Checksum: E0

    Format: C2
    Target: 33
    Source: F1
    Data: 1 D 
    Checksum: F4

    Format: 83
    Target: F1
    Source: 11
    Data: 41 D 3 
    Checksum: D6

    Format: C2
    Target: 33
    Source: F1
    Data: 1 5 
    Checksum: EC

    Format: 83
    Target: F1
    Source: 11
    Data: 41 5 81 
    Checksum: 4C

    Format: C2
    Target: 33
    Source: F1
    Data: 1 10 
    Checksum: F7

    Format: 84
    Target: F1
    Source: 11
    Data: 41 10 0 A8 
    Checksum: 7F

    Format: C2
    Target: 33
    Source: F1
    Data: 1 C 
    Checksum: F3

    Format: 84
    Target: F1
    Source: 11
    Data: 41 C A F1 
    Checksum: CE

    Format: C2
    Target: 33
    Source: F1
    Data: 1 D 
    Checksum: F4

    Format: 83
    Target: F1
    Source: 11
    Data: 41 D 2 
    Checksum: D5

    Format: C2
    Target: 33
    Source: F1
    Data: 1 5 
    Checksum: EC

    Format: 83
    Target: F1
    Source: 11
    Data: 41 5 81 
    Checksum: 4C

    Format: C2
    Target: 33
    Source: F1
    Data: 1 10 
    Checksum: F7

    Format: 84
    Target: F1
    Source: 11
    Data: 41 10 0 AA 
    Checksum: 81

    Format: C2
    Target: 33
    Source: F1
    Data: 1 C 
    Checksum: F3

    Format: 84
    Target: F1
    Source: 11
    Data: 41 C A FE 
    Checksum: DB

    Format: C2
    Target: 33
    Source: F1
    Data: 1 D 
    Checksum: F4

    Format: 83
    Target: F1
    Source: 11
    Data: 41 D 1 
    Checksum: D4

    Format: C2
    Target: 33
    Source: F1
    Data: 1 5 
    Checksum: EC

    Format: 83
    Target: F1
    Source: 11
    Data: 41 5 81 
    Checksum: 4C

    Format: C2
    Target: 33
    Source: F1
    Data: 1 10 
    Checksum: F7

    Format: 84
    Target: F1
    Source: 11
    Data: 41 10 0 A8 
    Checksum: 7F

    Format: C2
    Target: 33
    Source: F1
    Data: 1 C 
    Checksum: F3

    Format: 84
    Target: F1
    Source: 11
    Data: 41 C A F9 
    Checksum: D6

    Format: C2
    Target: 33
    Source: F1
    Data: 1 D 
    Checksum: F4

    Format: 83
    Target: F1
    Source: 11
    Data: 41 D 0 
    Checksum: D3

    Format: C2
    Target: 33
    Source: F1
    Data: 1 5 
    Checksum: EC

    Format: 83
    Target: F1
    Source: 11
    Data: 41 5 81 
    Checksum: 4C

    Format: C2
    Target: 33
    Source: F1
    Data: 1 10 
    Checksum: F7

    Format: 84
    Target: F1
    Source: 11
    Data: 41 10 0 A8 
    Checksum: 7F

    Format: C2
    Target: 33
    Source: F1
    Data: 1 C 
    Checksum: F3

    Format: 84
    Target: F1
    Source: 11
    Data: 41 C A F7 
    Checksum: D4

    Format: C2
    Target: 33
    Source: F1
    Data: 1 D 
    Checksum: F4

    Format: 83
    Target: F1
    Source: 11
    Data: 41 D 0 
    Checksum: D3

    Format: C2
    Target: 33
    Source: F1
    Data: 1 5 
    Checksum: EC

    Format: 83
    Target: F1
    Source: 11
    Data: 41 5 81 
    Checksum: 4C

    Format: C2
    Target: 33
    Source: F1
    Data: 1 10 
    Checksum: F7

    Format: 84
    Target: F1
    Source: 11
    Data: 41 10 0 AA 
    Checksum: 81

    Format: C2
    Target: 33
    Source: F1
    Data: 1 C 
    Checksum: F3

    Format: 84
    Target: F1
    Source: 11
    Data: 41 C A CB 
    Checksum: A8

    Format: C2
    Target: 33
    Source: F1
    Data: 1 D 
    Checksum: F4

    Format: 83
    Target: F1
    Source: 11
    Data: 41 D 0 
    Checksum: D3

    Format: C2
    Target: 33
    Source: F1
    Data: 1 5 
    Checksum: EC

    Format: 83
    Target: F1
    Source: 11
    Data: 41 5 81 
    Checksum: 4C

    Format: C2
    Target: 33
    Source: F1
    Data: 1 10 
    Checksum: F7

    Format: 84
    Target: F1
    Source: 11
    Data: 41 10 0 A5 
    Checksum: 7C

    Format: C2
    Target: 33
    Source: F1
    Data: 1 C 
    Checksum: F3

    Format: 84
    Target: F1
    Source: 11
    Data: 41 C A E2 
    Checksum: BF

    Format: C2
    Target: 33
    Source: F1
    Data: 1 D 
    Checksum: F4

    Format: 83
    Target: F1
    Source: 11
    Data: 41 D 0 
    Checksum: D3

    Format: C2
    Target: 33
    Source: F1
    Data: 1 5 
    Checksum: EC

    Format: 83
    Target: F1
    Source: 11
    Data: 41 5 81 
    Checksum: 4C

    Format: C2
    Target: 33
    Source: F1
    Data: 1 10 
    Checksum: F7

    Format: 84
    Target: F1
    Source: 11
    Data: 41 10 0 AA 
    Checksum: 81

    Format: C2
    Target: 33
    Source: F1
    Data: 1 C 
    Checksum: F3

    Format: 84
    Target: F1
    Source: 11
    Data: 41 C A F6 
    Checksum: D3

    Format: C2
    Target: 33
    Source: F1
    Data: 1 D 
    Checksum: F4

    Format: 83
    Target: F1
    Source: 11
    Data: 41 D 0 
    Checksum: D3

    Format: C2
    Target: 33
    Source: F1
    Data: 1 5 
    Checksum: EC

    Format: 83
    Target: F1
    Source: 11
    Data: 41 5 81 
    Checksum: 4C

    Format: C2
    Target: 33
    Source: F1
    Data: 1 10 
    Checksum: F7

    Format: 84
    Target: F1
    Source: 11
    Data: 41 10 0 AA 
    Checksum: 81

    Format: C2
    Target: 33
    Source: F1
    Data: 1 C 
    Checksum: F3

    Format: 84
    Target: F1
    Source: 11
    Data: 41 C A D2 
    Checksum: AF

    Format: C2
    Target: 33
    Source: F1
    Data: 1 D 
    Checksum: F4

    Format: 83
    Target: F1
    Source: 11
    Data: 41 D 0 
    Checksum: D3

    Format: C2
    Target: 33
    Source: F1
    Data: 1 5 
    Checksum: EC

    Format: 83
    Target: F1
    Source: 11
    Data: 41 5 81 
    Checksum: 4C

    Format: C2
    Target: 33
    Source: F1
    Data: 1 10 
    Checksum: F7

    Format: 84
    Target: F1
    Source: 11
    Data: 41 10 0 A5 
    Checksum: 7C

    Format: C2
    Target: 33
    Source: F1
    Data: 1 C 
    Checksum: F3

    Format: 84
    Target: F1
    Source: 11
    Data: 41 C A E4 
    Checksum: C1

    Format: C2
    Target: 33
    Source: F1
    Data: 1 D 
    Checksum: F4

    Format: 83
    Target: F1
    Source: 11
    Data: 41 D 0 
    Checksum: D3

    Format: C2
    Target: 33
    Source: F1
    Data: 1 5 
    Checksum: EC

    Format: 83
    Target: F1
    Source: 11
    Data: 41 5 81 
    Checksum: 4C

    Format: C2
    Target: 33
    Source: F1
    Data: 1 10 
    Checksum: F7

    Format: 84
    Target: F1
    Source: 11
    Data: 41 10 0 A5 
    Checksum: 7C

    Format: C2
    Target: 33
    Source: F1
    Data: 1 C 
    Checksum: F3

    Format: 84
    Target: F1
    Source: 11
    Data: 41 C A DA 
    Checksum: B7

    Format: C2
    Target: 33
    Source: F1
    Data: 1 D 
    Checksum: F4

    Format: 83
    Target: F1
    Source: 11
    Data: 41 D 0 
    Checksum: D3

    Format: C2
    Target: 33
    Source: F1
    Data: 1 5 
    Checksum: EC

    Format: 83
    Target: F1
    Source: 11
    Data: 41 5 81 
    Checksum: 4C

    Format: C2
    Target: 33
    Source: F1
    Data: 1 10 
    Checksum: F7

    Format: 84
    Target: F1
    Source: 11
    Data: 41 10 0 A8 
    Checksum: 7F

    Format: C2
    Target: 33
    Source: F1
    Data: 1 C 
    Checksum: F3

    Format: 84
    Target: F1
    Source: 11
    Data: 41 C A DF 
    Checksum: BC

    Format: C2
    Target: 33
    Source: F1
    Data: 1 D 
    Checksum: F4

    Format: 83
    Target: F1
    Source: 11
    Data: 41 D 0 
    Checksum: D3

    Format: C2
    Target: 33
    Source: F1
    Data: 1 5 
    Checksum: EC

    Format: 83
    Target: F1
    Source: 11
    Data: 41 5 81 
    Checksum: 4C

    Format: C2
    Target: 33
    Source: F1
    Data: 1 10 
    Checksum: F7

    Format: 84
    Target: F1
    Source: 11
    Data: 41 10 0 AA 
    Checksum: 81

    Format: C2
    Target: 33
    Source: F1
    Data: 1 C 
    Checksum: F3

    Format: 84
    Target: F1
    Source: 11
    Data: 41 C A E5 
    Checksum: C2

    Format: C2
    Target: 33
    Source: F1
    Data: 1 D 
    Checksum: F4

    Format: 83
    Target: F1
    Source: 11
    Data: 41 D 0 
    Checksum: D3

    Format: C2
    Target: 33
    Source: F1
    Data: 1 5 
    Checksum: EC

    Format: 83
    Target: F1
    Source: 11
    Data: 41 5 81 
    Checksum: 4C

    Format: C2
    Target: 33
    Source: F1
    Data: 1 10 
    Checksum: F7

    Format: 84
    Target: F1
    Source: 11
    Data: 41 10 0 AA 
    Checksum: 81

    Format: C2
    Target: 33
    Source: F1
    Data: 1 C 
    Checksum: F3

    Format: 84
    Target: F1
    Source: 11
    Data: 41 C A D2 
    Checksum: AF

    Format: C2
    Target: 33
    Source: F1
    Data: 1 D 
    Checksum: F4

    Format: 83
    Target: F1
    Source: 11
    Data: 41 D 0 
    Checksum: D3

    Format: C2
    Target: 33
    Source: F1
    Data: 1 5 
    Checksum: EC

    Format: 83
    Target: F1
    Source: 11
    Data: 41 5 81 
    Checksum: 4C

    Format: C2
    Target: 33
    Source: F1
    Data: 1 10 
    Checksum: F7

    Format: 84
    Target: F1
    Source: 11
    Data: 41 10 0 AA 
    Checksum: 81

    Format: C2
    Target: 33
    Source: F1
    Data: 1 C 
    Checksum: F3

    Format: 84
    Target: F1
    Source: 11
    Data: 41 C A F6 
    Checksum: D3

    Format: C2
    Target: 33
    Source: F1
    Data: 1 D 
    Checksum: F4

    Format: 83
    Target: F1
    Source: 11
    Data: 41 D 0 
    Checksum: D3

    Format: C2
    Target: 33
    Source: F1
    Data: 1 5 
    Checksum: EC

    Format: 83
    Target: F1
    Source: 11
    Data: 41 5 81 
    Checksum: 4C

    Format: C2
    Target: 33
    Source: F1
    Data: 1 10 
    Checksum: F7

    Format: 84
    Target: F1
    Source: 11
    Data: 41 10 0 A5 
    Checksum: 7C

    Format: C2
    Target: 33
    Source: F1
    Data: 1 C 
    Checksum: F3

    Format: 84
    Target: F1
    Source: 11
    Data: 41 C B 1 
    Checksum: DF

    Format: C2
    Target: 33
    Source: F1
    Data: 1 D 
    Checksum: F4

    Format: 83
    Target: F1
    Source: 11
    Data: 41 D 0 
    Checksum: D3

    Format: C2
    Target: 33
    Source: F1
    Data: 1 5 
    Checksum: EC

    Format: 83
    Target: F1
    Source: 11
    Data: 41 5 82 
    Checksum: 4D

    Format: C2
    Target: 33
    Source: F1
    Data: 1 10 
    Checksum: F7

    Format: 84
    Target: F1
    Source: 11
    Data: 41 10 0 AA 
    Checksum: 81

    Format: C2
    Target: 33
    Source: F1
    Data: 1 C 
    Checksum: F3

    Format: 84
    Target: F1
    Source: 11
    Data: 41 C A FE 
    Checksum: DB

    Format: C2
    Target: 33
    Source: F1
    Data: 1 D 
    Checksum: F4

    Format: 83
    Target: F1
    Source: 11
    Data: 41 D 0 
    Checksum: D3

    Format: C2
    Target: 33
    Source: F1
    Data: 1 5 
    Checksum: EC

    Format: 83
    Target: F1
    Source: 11
    Data: 41 5 82 
    Checksum: 4D

    Format: C2
    Target: 33
    Source: F1
    Data: 1 10 
    Checksum: F7

    Format: 84
    Target: F1
    Source: 11
    Data: 41 10 0 A8 
    Checksum: 7F

    Format: C2
    Target: 33
    Source: F1
    Data: 1 C 
    Checksum: F3

    Format: 84
    Target: F1
    Source: 11
    Data: 41 C A FC 
    Checksum: D9

    Format: C2
    Target: 33
    Source: F1
    Data: 1 D 
    Checksum: F4

    Format: 83
    Target: F1
    Source: 11
    Data: 41 D 0 
    Checksum: D3

    Format: C2
    Target: 33
    Source: F1
    Data: 1 5 
    Checksum: EC

    Format: 83
    Target: F1
    Source: 11
    Data: 41 5 82 
    Checksum: 4D

    Format: C2
    Target: 33
    Source: F1
    Data: 1 10 
    Checksum: F7

    Format: 84
    Target: F1
    Source: 11
    Data: 41 10 0 AA 
    Checksum: 81

    Format: C2
    Target: 33
    Source: F1
    Data: 1 C 
    Checksum: F3

    Format: 84
    Target: F1
    Source: 11
    Data: 41 C B 1D 
    Checksum: FB

    Format: C2
    Target: 33
    Source: F1
    Data: 1 D 
    Checksum: F4

    Format: 83
    Target: F1
    Source: 11
    Data: 41 D 0 
    Checksum: D3

    Format: C2
    Target: 33
    Source: F1
    Data: 1 5 
    Checksum: EC

    Format: 83
    Target: F1
    Source: 11
    Data: 41 5 82 
    Checksum: 4D

    Format: C2
    Target: 33
    Source: F1
    Data: 1 10 
    Checksum: F7

    Format: 84
    Target: F1
    Source: 11
    Data: 41 10 0 A8 
    Checksum: 7F

    Format: C2
    Target: 33
    Source: F1
    Data: 1 C 
    Checksum: F3

    Format: 84
    Target: F1
    Source: 11
    Data: 41 C B 5 
    Checksum: E3

    Format: C2
    Target: 33
    Source: F1
    Data: 1 D 
    Checksum: F4

    Format: 83
    Target: F1
    Source: 11
    Data: 41 D 0 
    Checksum: D3

    Format: C2
    Target: 33
    Source: F1
    Data: 1 5 
    Checksum: EC

    Format: 83
    Target: F1
    Source: 11
    Data: 41 5 82 
    Checksum: 4D

    Format: C2
    Target: 33
    Source: F1
    Data: 1 10 
    Checksum: F7

    Format: 84
    Target: F1
    Source: 11
    Data: 41 10 0 A8 
    Checksum: 7F

    Format: C2
    Target: 33
    Source: F1
    Data: 1 C 
    Checksum: F3

    Format: 84
    Target: F1
    Source: 11
    Data: 41 C B C 
    Checksum: EA

    Format: C2
    Target: 33
    Source: F1
    Data: 1 D 
    Checksum: F4

    Format: 83
    Target: F1
    Source: 11
    Data: 41 D 0 
    Checksum: D3

    Format: C2
    Target: 33
    Source: F1
    Data: 1 5 
    Checksum: EC

    Format: 83
    Target: F1
    Source: 11
    Data: 41 5 82 
    Checksum: 4D

    Format: C2
    Target: 33
    Source: F1
    Data: 1 10 
    Checksum: F7

    Format: 84
    Target: F1
    Source: 11
    Data: 41 10 0 A8 
    Checksum: 7F

    Format: C2
    Target: 33
    Source: F1
    Data: 1 C 
    Checksum: F3

    Format: 84
    Target: F1
    Source: 11
    Data: 41 C B 20 
    Checksum: FE

    Format: C2
    Target: 33
    Source: F1
    Data: 1 D 
    Checksum: F4

    Format: 83
    Target: F1
    Source: 11
    Data: 41 D 0 
    Checksum: D3

    Format: C2
    Target: 33
    Source: F1
    Data: 1 5 
    Checksum: EC

    Format: 83
    Target: F1
    Source: 11
    Data: 41 5 82 
    Checksum: 4D

    Format: C2
    Target: 33
    Source: F1
    Data: 1 10 
    Checksum: F7

    Format: 84
    Target: F1
    Source: 11
    Data: 41 10 0 A8 
    Checksum: 7F

    Format: C2
    Target: 33
    Source: F1
    Data: 1 C 
    Checksum: F3

    Format: 84
    Target: F1
    Source: 11
    Data: 41 C B C 
    Checksum: EA

    Format: C2
    Target: 33
    Source: F1
    Data: 1 D 
    Checksum: F4

    Format: 83
    Target: F1
    Source: 11
    Data: 41 D 0 
    Checksum: D3

    Format: C2
    Target: 33
    Source: F1
    Data: 1 5 
    Checksum: EC

    Format: 83
    Target: F1
    Source: 11
    Data: 41 5 82 
    Checksum: 4D

    Format: C2
    Target: 33
    Source: F1
    Data: 1 10 
    Checksum: F7

    Format: 84
    Target: F1
    Source: 11
    Data: 41 10 0 A8 
    Checksum: 7F

    Format: C2
    Target: 33
    Source: F1
    Data: 1 C 
    Checksum: F3

    Format: 84
    Target: F1
    Source: 11
    Data: 41 C A F2 
    Checksum: CF

    Format: C2
    Target: 33
    Source: F1
    Data: 1 D 
    Checksum: F4

    Format: 83
    Target: F1
    Source: 11
    Data: 41 D 0 
    Checksum: D3

    Format: C2
    Target: 33
    Source: F1
    Data: 1 5 
    Checksum: EC

    Format: 83
    Target: F1
    Source: 11
    Data: 41 5 82 
    Checksum: 4D

    Format: C2
    Target: 33
    Source: F1
    Data: 1 10 
    Checksum: F7

    Format: 84
    Target: F1
    Source: 11
    Data: 41 10 0 A8 
    Checksum: 7F

    Format: C2
    Target: 33
    Source: F1
    Data: 1 C 
    Checksum: F3

    Format: 84
    Target: F1
    Source: 11
    Data: 41 C A F3 
    Checksum: D0

    Format: C2
    Target: 33
    Source: F1
    Data: 1 D 
    Checksum: F4

    Format: 83
    Target: F1
    Source: 11
    Data: 41 D 0 
    Checksum: D3

    Format: C2
    Target: 33
    Source: F1
    Data: 1 5 
    Checksum: EC

    Format: 83
    Target: F1
    Source: 11
    Data: 41 5 82 
    Checksum: 4D

    Format: C2
    Target: 33
    Source: F1
    Data: 1 10 
    Checksum: F7

    Format: 84
    Target: F1
    Source: 11
    Data: 41 10 0 A8 
    Checksum: 7F

    Format: C2
    Target: 33
    Source: F1
    Data: 1 C 
    Checksum: F3

    Format: 84
    Target: F1
    Source: 11
    Data: 41 C B E 
    Checksum: EC

    Format: C2
    Target: 33
    Source: F1
    Data: 1 D 
    Checksum: F4

    Format: 83
    Target: F1
    Source: 11
    Data: 41 D 0 
    Checksum: D3

    Format: C2
    Target: 33
    Source: F1
    Data: 1 5 
    Checksum: EC

    Format: 83
    Target: F1
    Source: 11
    Data: 41 5 82 
    Checksum: 4D

    Format: C2
    Target: 33
    Source: F1
    Data: 1 10 
    Checksum: F7

    Format: 84
    Target: F1
    Source: 11
    Data: 41 10 0 A8 
    Checksum: 7F

    Format: C2
    Target: 33
    Source: F1
    Data: 1 C 
    Checksum: F3

    Format: 84
    Target: F1
    Source: 11
    Data: 41 C A EF 
    Checksum: CC

    Format: C2
    Target: 33
    Source: F1
    Data: 1 D 
    Checksum: F4

    Format: 83
    Target: F1
    Source: 11
    Data: 41 D 0 
    Checksum: D3

    Format: C2
    Target: 33
    Source: F1
    Data: 1 5 
    Checksum: EC

    Format: 83
    Target: F1
    Source: 11
    Data: 41 5 82 
    Checksum: 4D

    Format: C2
    Target: 33
    Source: F1
    Data: 1 10 
    Checksum: F7

    Format: 84
    Target: F1
    Source: 11
    Data: 41 10 0 A8 
    Checksum: 7F

    Format: C2
    Target: 33
    Source: F1
    Data: 1 C 
    Checksum: F3

    Format: 84
    Target: F1
    Source: 11
    Data: 41 C A FA 
    Checksum: D7

    Format: C2
    Target: 33
    Source: F1
    Data: 1 D 
    Checksum: F4

    Format: 83
    Target: F1
    Source: 11
    Data: 41 D 0 
    Checksum: D3

    Format: C2
    Target: 33
    Source: F1
    Data: 1 5 
    Checksum: EC

    Format: 83
    Target: F1
    Source: 11
    Data: 41 5 82 
    Checksum: 4D
